Copyright 1986-2019 Xilinx, Inc. All Rights Reserved.
-----------------------------------------------------------------------------------------------------------------------------------------------------------------------------------------------------------------------
| Tool Version : Vivado v.2019.2 (lin64) Build 2708876 Wed Nov  6 21:39:14 MST 2019
| Date         : Mon Nov  2 17:20:08 2020
| Host         : elitebook-manjaro-lgu running 64-bit Manjaro Linux
| Command      : report_timing_summary -max_paths 10 -file signal_generator_timing_summary_routed.rpt -pb signal_generator_timing_summary_routed.pb -rpx signal_generator_timing_summary_routed.rpx -warn_on_violation
| Design       : signal_generator
| Device       : 7s25-csga225
| Speed File   : -1  PRODUCTION 1.23 2018-06-13
-----------------------------------------------------------------------------------------------------------------------------------------------------------------------------------------------------------------------

Timing Summary Report

------------------------------------------------------------------------------------------------
| Timer Settings
| --------------
------------------------------------------------------------------------------------------------

  Enable Multi Corner Analysis               :  Yes
  Enable Pessimism Removal                   :  Yes
  Pessimism Removal Resolution               :  Nearest Common Node
  Enable Input Delay Default Clock           :  No
  Enable Preset / Clear Arcs                 :  No
  Disable Flight Delays                      :  No
  Ignore I/O Paths                           :  No
  Timing Early Launch at Borrowing Latches   :  No
  Borrow Time for Max Delay Exceptions       :  Yes
  Merge Timing Exceptions                    :  Yes

  Corner  Analyze    Analyze    
  Name    Max Paths  Min Paths  
  ------  ---------  ---------  
  Slow    Yes        Yes        
  Fast    Yes        Yes        



check_timing report

Table of Contents
-----------------
1. checking no_clock
2. checking constant_clock
3. checking pulse_width_clock
4. checking unconstrained_internal_endpoints
5. checking no_input_delay
6. checking no_output_delay
7. checking multiple_clock
8. checking generated_clocks
9. checking loops
10. checking partial_input_delay
11. checking partial_output_delay
12. checking latch_loops

1. checking no_clock
--------------------
 There are 7 register/latch pins with no clock driven by root clock pin: divider/temp_reg/Q (HIGH)


2. checking constant_clock
--------------------------
 There are 0 register/latch pins with constant_clock.


3. checking pulse_width_clock
-----------------------------
 There are 0 register/latch pins which need pulse_width check


4. checking unconstrained_internal_endpoints
--------------------------------------------
 There are 7 pins that are not constrained for maximum delay. (HIGH)

 There are 0 pins that are not constrained for maximum delay due to constant clock.


5. checking no_input_delay
--------------------------
 There are 0 input ports with no input delay specified.

 There are 0 input ports with no input delay but user has a false path constraint.


6. checking no_output_delay
---------------------------
 There are 13 ports with no output delay specified. (HIGH)

 There are 0 ports with no output delay but user has a false path constraint

 There are 0 ports with no output delay but with a timing clock defined on it or propagating through it


7. checking multiple_clock
--------------------------
 There are 0 register/latch pins with multiple clocks.


8. checking generated_clocks
----------------------------
 There are 0 generated clocks that are not connected to a clock source.


9. checking loops
-----------------
 There are 0 combinational loops in the design.


10. checking partial_input_delay
--------------------------------
 There are 0 input ports with partial input delay specified.


11. checking partial_output_delay
---------------------------------
 There are 0 ports with partial output delay specified.


12. checking latch_loops
------------------------
 There are 0 combinational latch loops in the design through latch input



------------------------------------------------------------------------------------------------
| Design Timing Summary
| ---------------------
------------------------------------------------------------------------------------------------

    WNS(ns)      TNS(ns)  TNS Failing Endpoints  TNS Total Endpoints      WHS(ns)      THS(ns)  THS Failing Endpoints  THS Total Endpoints     WPWS(ns)     TPWS(ns)  TPWS Failing Endpoints  TPWS Total Endpoints  
    -------      -------  ---------------------  -------------------      -------      -------  ---------------------  -------------------     --------     --------  ----------------------  --------------------  
     79.564        0.000                      0                   34        0.246        0.000                      0                   34       41.160        0.000                       0                    19  


All user specified timing constraints are met.


------------------------------------------------------------------------------------------------
| Clock Summary
| -------------
------------------------------------------------------------------------------------------------

Clock        Waveform(ns)       Period(ns)      Frequency(MHz)
-----        ------------       ----------      --------------
sys_clk_pin  {0.000 41.660}     83.330          12.000          


------------------------------------------------------------------------------------------------
| Intra Clock Table
| -----------------
------------------------------------------------------------------------------------------------

Clock             WNS(ns)      TNS(ns)  TNS Failing Endpoints  TNS Total Endpoints      WHS(ns)      THS(ns)  THS Failing Endpoints  THS Total Endpoints     WPWS(ns)     TPWS(ns)  TPWS Failing Endpoints  TPWS Total Endpoints  
-----             -------      -------  ---------------------  -------------------      -------      -------  ---------------------  -------------------     --------     --------  ----------------------  --------------------  
sys_clk_pin        79.564        0.000                      0                   34        0.246        0.000                      0                   34       41.160        0.000                       0                    19  


------------------------------------------------------------------------------------------------
| Inter Clock Table
| -----------------
------------------------------------------------------------------------------------------------

From Clock    To Clock          WNS(ns)      TNS(ns)  TNS Failing Endpoints  TNS Total Endpoints      WHS(ns)      THS(ns)  THS Failing Endpoints  THS Total Endpoints  
----------    --------          -------      -------  ---------------------  -------------------      -------      -------  ---------------------  -------------------  


------------------------------------------------------------------------------------------------
| Other Path Groups Table
| -----------------------
------------------------------------------------------------------------------------------------

Path Group    From Clock    To Clock          WNS(ns)      TNS(ns)  TNS Failing Endpoints  TNS Total Endpoints      WHS(ns)      THS(ns)  THS Failing Endpoints  THS Total Endpoints  
----------    ----------    --------          -------      -------  ---------------------  -------------------      -------      -------  ---------------------  -------------------  


------------------------------------------------------------------------------------------------
| Timing Details
| --------------
------------------------------------------------------------------------------------------------


---------------------------------------------------------------------------------------------------
From Clock:  sys_clk_pin
  To Clock:  sys_clk_pin

Setup :            0  Failing Endpoints,  Worst Slack       79.564ns,  Total Violation        0.000ns
Hold  :            0  Failing Endpoints,  Worst Slack        0.246ns,  Total Violation        0.000ns
PW    :            0  Failing Endpoints,  Worst Slack       41.160ns,  Total Violation        0.000ns
---------------------------------------------------------------------------------------------------


Max Delay Paths
--------------------------------------------------------------------------------------
Slack (MET) :             79.564ns  (required time - arrival time)
  Source:                 divider/counter_reg[4]/C
                            (rising edge-triggered cell FDRE clocked by sys_clk_pin  {rise@0.000ns fall@41.660ns period=83.330ns})
  Destination:            divider/counter_reg[5]/R
                            (rising edge-triggered cell FDRE clocked by sys_clk_pin  {rise@0.000ns fall@41.660ns period=83.330ns})
  Path Group:             sys_clk_pin
  Path Type:              Setup (Max at Slow Process Corner)
  Requirement:            83.330ns  (sys_clk_pin rise@83.330ns - sys_clk_pin rise@0.000ns)
  Data Path Delay:        3.275ns  (logic 0.704ns (21.495%)  route 2.571ns (78.505%))
  Logic Levels:           2  (LUT4=2)
  Clock Path Skew:        -0.026ns (DCD - SCD + CPR)
    Destination Clock Delay (DCD):    4.863ns = ( 88.193 - 83.330 ) 
    Source Clock Delay      (SCD):    5.161ns
    Clock Pessimism Removal (CPR):    0.272ns
  Clock Uncertainty:      0.035ns  ((TSJ^2 + TIJ^2)^1/2 + DJ) / 2 + PE
    Total System Jitter     (TSJ):    0.071ns
    Total Input Jitter      (TIJ):    0.000ns
    Discrete Jitter          (DJ):    0.000ns
    Phase Error              (PE):    0.000ns

    Location             Delay type                Incr(ns)  Path(ns)    Netlist Resource(s)
  -------------------------------------------------------------------    -------------------
                         (clock sys_clk_pin rise edge)
                                                      0.000     0.000 r  
    M9                                                0.000     0.000 r  i_clk_12mhz (IN)
                         net (fo=0)                   0.000     0.000    i_clk_12mhz
    M9                   IBUF (Prop_ibuf_I_O)         1.465     1.465 r  i_clk_12mhz_IBUF_inst/O
                         net (fo=1, routed)           1.966     3.431    i_clk_12mhz_IBUF
    BUFGCTRL_X0Y0        BUFG (Prop_bufg_I_O)         0.096     3.527 r  i_clk_12mhz_IBUF_BUFG_inst/O
                         net (fo=18, routed)          1.634     5.161    divider/i_clk_12mhz_IBUF_BUFG
    SLICE_X38Y6          FDRE                                         r  divider/counter_reg[4]/C
  -------------------------------------------------------------------    -------------------
    SLICE_X38Y6          FDRE (Prop_fdre_C_Q)         0.456     5.617 f  divider/counter_reg[4]/Q
                         net (fo=2, routed)           1.109     6.726    divider/counter[4]
    SLICE_X39Y6          LUT4 (Prop_lut4_I0_O)        0.124     6.850 f  divider/counter[16]_i_6/O
                         net (fo=2, routed)           0.816     7.666    divider/counter[16]_i_6_n_0
    SLICE_X39Y7          LUT4 (Prop_lut4_I3_O)        0.124     7.790 r  divider/counter[16]_i_1/O
                         net (fo=16, routed)          0.646     8.436    divider/temp
    SLICE_X38Y7          FDRE                                         r  divider/counter_reg[5]/R
  -------------------------------------------------------------------    -------------------

                         (clock sys_clk_pin rise edge)
                                                     83.330    83.330 r  
    M9                                                0.000    83.330 r  i_clk_12mhz (IN)
                         net (fo=0)                   0.000    83.330    i_clk_12mhz
    M9                   IBUF (Prop_ibuf_I_O)         1.395    84.725 r  i_clk_12mhz_IBUF_inst/O
                         net (fo=1, routed)           1.862    86.587    i_clk_12mhz_IBUF
    BUFGCTRL_X0Y0        BUFG (Prop_bufg_I_O)         0.091    86.678 r  i_clk_12mhz_IBUF_BUFG_inst/O
                         net (fo=18, routed)          1.515    88.193    divider/i_clk_12mhz_IBUF_BUFG
    SLICE_X38Y7          FDRE                                         r  divider/counter_reg[5]/C
                         clock pessimism              0.272    88.465    
                         clock uncertainty           -0.035    88.430    
    SLICE_X38Y7          FDRE (Setup_fdre_C_R)       -0.429    88.001    divider/counter_reg[5]
  -------------------------------------------------------------------
                         required time                         88.001    
                         arrival time                          -8.436    
  -------------------------------------------------------------------
                         slack                                 79.564    

Slack (MET) :             79.564ns  (required time - arrival time)
  Source:                 divider/counter_reg[4]/C
                            (rising edge-triggered cell FDRE clocked by sys_clk_pin  {rise@0.000ns fall@41.660ns period=83.330ns})
  Destination:            divider/counter_reg[6]/R
                            (rising edge-triggered cell FDRE clocked by sys_clk_pin  {rise@0.000ns fall@41.660ns period=83.330ns})
  Path Group:             sys_clk_pin
  Path Type:              Setup (Max at Slow Process Corner)
  Requirement:            83.330ns  (sys_clk_pin rise@83.330ns - sys_clk_pin rise@0.000ns)
  Data Path Delay:        3.275ns  (logic 0.704ns (21.495%)  route 2.571ns (78.505%))
  Logic Levels:           2  (LUT4=2)
  Clock Path Skew:        -0.026ns (DCD - SCD + CPR)
    Destination Clock Delay (DCD):    4.863ns = ( 88.193 - 83.330 ) 
    Source Clock Delay      (SCD):    5.161ns
    Clock Pessimism Removal (CPR):    0.272ns
  Clock Uncertainty:      0.035ns  ((TSJ^2 + TIJ^2)^1/2 + DJ) / 2 + PE
    Total System Jitter     (TSJ):    0.071ns
    Total Input Jitter      (TIJ):    0.000ns
    Discrete Jitter          (DJ):    0.000ns
    Phase Error              (PE):    0.000ns

    Location             Delay type                Incr(ns)  Path(ns)    Netlist Resource(s)
  -------------------------------------------------------------------    -------------------
                         (clock sys_clk_pin rise edge)
                                                      0.000     0.000 r  
    M9                                                0.000     0.000 r  i_clk_12mhz (IN)
                         net (fo=0)                   0.000     0.000    i_clk_12mhz
    M9                   IBUF (Prop_ibuf_I_O)         1.465     1.465 r  i_clk_12mhz_IBUF_inst/O
                         net (fo=1, routed)           1.966     3.431    i_clk_12mhz_IBUF
    BUFGCTRL_X0Y0        BUFG (Prop_bufg_I_O)         0.096     3.527 r  i_clk_12mhz_IBUF_BUFG_inst/O
                         net (fo=18, routed)          1.634     5.161    divider/i_clk_12mhz_IBUF_BUFG
    SLICE_X38Y6          FDRE                                         r  divider/counter_reg[4]/C
  -------------------------------------------------------------------    -------------------
    SLICE_X38Y6          FDRE (Prop_fdre_C_Q)         0.456     5.617 f  divider/counter_reg[4]/Q
                         net (fo=2, routed)           1.109     6.726    divider/counter[4]
    SLICE_X39Y6          LUT4 (Prop_lut4_I0_O)        0.124     6.850 f  divider/counter[16]_i_6/O
                         net (fo=2, routed)           0.816     7.666    divider/counter[16]_i_6_n_0
    SLICE_X39Y7          LUT4 (Prop_lut4_I3_O)        0.124     7.790 r  divider/counter[16]_i_1/O
                         net (fo=16, routed)          0.646     8.436    divider/temp
    SLICE_X38Y7          FDRE                                         r  divider/counter_reg[6]/R
  -------------------------------------------------------------------    -------------------

                         (clock sys_clk_pin rise edge)
                                                     83.330    83.330 r  
    M9                                                0.000    83.330 r  i_clk_12mhz (IN)
                         net (fo=0)                   0.000    83.330    i_clk_12mhz
    M9                   IBUF (Prop_ibuf_I_O)         1.395    84.725 r  i_clk_12mhz_IBUF_inst/O
                         net (fo=1, routed)           1.862    86.587    i_clk_12mhz_IBUF
    BUFGCTRL_X0Y0        BUFG (Prop_bufg_I_O)         0.091    86.678 r  i_clk_12mhz_IBUF_BUFG_inst/O
                         net (fo=18, routed)          1.515    88.193    divider/i_clk_12mhz_IBUF_BUFG
    SLICE_X38Y7          FDRE                                         r  divider/counter_reg[6]/C
                         clock pessimism              0.272    88.465    
                         clock uncertainty           -0.035    88.430    
    SLICE_X38Y7          FDRE (Setup_fdre_C_R)       -0.429    88.001    divider/counter_reg[6]
  -------------------------------------------------------------------
                         required time                         88.001    
                         arrival time                          -8.436    
  -------------------------------------------------------------------
                         slack                                 79.564    

Slack (MET) :             79.564ns  (required time - arrival time)
  Source:                 divider/counter_reg[4]/C
                            (rising edge-triggered cell FDRE clocked by sys_clk_pin  {rise@0.000ns fall@41.660ns period=83.330ns})
  Destination:            divider/counter_reg[7]/R
                            (rising edge-triggered cell FDRE clocked by sys_clk_pin  {rise@0.000ns fall@41.660ns period=83.330ns})
  Path Group:             sys_clk_pin
  Path Type:              Setup (Max at Slow Process Corner)
  Requirement:            83.330ns  (sys_clk_pin rise@83.330ns - sys_clk_pin rise@0.000ns)
  Data Path Delay:        3.275ns  (logic 0.704ns (21.495%)  route 2.571ns (78.505%))
  Logic Levels:           2  (LUT4=2)
  Clock Path Skew:        -0.026ns (DCD - SCD + CPR)
    Destination Clock Delay (DCD):    4.863ns = ( 88.193 - 83.330 ) 
    Source Clock Delay      (SCD):    5.161ns
    Clock Pessimism Removal (CPR):    0.272ns
  Clock Uncertainty:      0.035ns  ((TSJ^2 + TIJ^2)^1/2 + DJ) / 2 + PE
    Total System Jitter     (TSJ):    0.071ns
    Total Input Jitter      (TIJ):    0.000ns
    Discrete Jitter          (DJ):    0.000ns
    Phase Error              (PE):    0.000ns

    Location             Delay type                Incr(ns)  Path(ns)    Netlist Resource(s)
  -------------------------------------------------------------------    -------------------
                         (clock sys_clk_pin rise edge)
                                                      0.000     0.000 r  
    M9                                                0.000     0.000 r  i_clk_12mhz (IN)
                         net (fo=0)                   0.000     0.000    i_clk_12mhz
    M9                   IBUF (Prop_ibuf_I_O)         1.465     1.465 r  i_clk_12mhz_IBUF_inst/O
                         net (fo=1, routed)           1.966     3.431    i_clk_12mhz_IBUF
    BUFGCTRL_X0Y0        BUFG (Prop_bufg_I_O)         0.096     3.527 r  i_clk_12mhz_IBUF_BUFG_inst/O
                         net (fo=18, routed)          1.634     5.161    divider/i_clk_12mhz_IBUF_BUFG
    SLICE_X38Y6          FDRE                                         r  divider/counter_reg[4]/C
  -------------------------------------------------------------------    -------------------
    SLICE_X38Y6          FDRE (Prop_fdre_C_Q)         0.456     5.617 f  divider/counter_reg[4]/Q
                         net (fo=2, routed)           1.109     6.726    divider/counter[4]
    SLICE_X39Y6          LUT4 (Prop_lut4_I0_O)        0.124     6.850 f  divider/counter[16]_i_6/O
                         net (fo=2, routed)           0.816     7.666    divider/counter[16]_i_6_n_0
    SLICE_X39Y7          LUT4 (Prop_lut4_I3_O)        0.124     7.790 r  divider/counter[16]_i_1/O
                         net (fo=16, routed)          0.646     8.436    divider/temp
    SLICE_X38Y7          FDRE                                         r  divider/counter_reg[7]/R
  -------------------------------------------------------------------    -------------------

                         (clock sys_clk_pin rise edge)
                                                     83.330    83.330 r  
    M9                                                0.000    83.330 r  i_clk_12mhz (IN)
                         net (fo=0)                   0.000    83.330    i_clk_12mhz
    M9                   IBUF (Prop_ibuf_I_O)         1.395    84.725 r  i_clk_12mhz_IBUF_inst/O
                         net (fo=1, routed)           1.862    86.587    i_clk_12mhz_IBUF
    BUFGCTRL_X0Y0        BUFG (Prop_bufg_I_O)         0.091    86.678 r  i_clk_12mhz_IBUF_BUFG_inst/O
                         net (fo=18, routed)          1.515    88.193    divider/i_clk_12mhz_IBUF_BUFG
    SLICE_X38Y7          FDRE                                         r  divider/counter_reg[7]/C
                         clock pessimism              0.272    88.465    
                         clock uncertainty           -0.035    88.430    
    SLICE_X38Y7          FDRE (Setup_fdre_C_R)       -0.429    88.001    divider/counter_reg[7]
  -------------------------------------------------------------------
                         required time                         88.001    
                         arrival time                          -8.436    
  -------------------------------------------------------------------
                         slack                                 79.564    

Slack (MET) :             79.564ns  (required time - arrival time)
  Source:                 divider/counter_reg[4]/C
                            (rising edge-triggered cell FDRE clocked by sys_clk_pin  {rise@0.000ns fall@41.660ns period=83.330ns})
  Destination:            divider/counter_reg[8]/R
                            (rising edge-triggered cell FDRE clocked by sys_clk_pin  {rise@0.000ns fall@41.660ns period=83.330ns})
  Path Group:             sys_clk_pin
  Path Type:              Setup (Max at Slow Process Corner)
  Requirement:            83.330ns  (sys_clk_pin rise@83.330ns - sys_clk_pin rise@0.000ns)
  Data Path Delay:        3.275ns  (logic 0.704ns (21.495%)  route 2.571ns (78.505%))
  Logic Levels:           2  (LUT4=2)
  Clock Path Skew:        -0.026ns (DCD - SCD + CPR)
    Destination Clock Delay (DCD):    4.863ns = ( 88.193 - 83.330 ) 
    Source Clock Delay      (SCD):    5.161ns
    Clock Pessimism Removal (CPR):    0.272ns
  Clock Uncertainty:      0.035ns  ((TSJ^2 + TIJ^2)^1/2 + DJ) / 2 + PE
    Total System Jitter     (TSJ):    0.071ns
    Total Input Jitter      (TIJ):    0.000ns
    Discrete Jitter          (DJ):    0.000ns
    Phase Error              (PE):    0.000ns

    Location             Delay type                Incr(ns)  Path(ns)    Netlist Resource(s)
  -------------------------------------------------------------------    -------------------
                         (clock sys_clk_pin rise edge)
                                                      0.000     0.000 r  
    M9                                                0.000     0.000 r  i_clk_12mhz (IN)
                         net (fo=0)                   0.000     0.000    i_clk_12mhz
    M9                   IBUF (Prop_ibuf_I_O)         1.465     1.465 r  i_clk_12mhz_IBUF_inst/O
                         net (fo=1, routed)           1.966     3.431    i_clk_12mhz_IBUF
    BUFGCTRL_X0Y0        BUFG (Prop_bufg_I_O)         0.096     3.527 r  i_clk_12mhz_IBUF_BUFG_inst/O
                         net (fo=18, routed)          1.634     5.161    divider/i_clk_12mhz_IBUF_BUFG
    SLICE_X38Y6          FDRE                                         r  divider/counter_reg[4]/C
  -------------------------------------------------------------------    -------------------
    SLICE_X38Y6          FDRE (Prop_fdre_C_Q)         0.456     5.617 f  divider/counter_reg[4]/Q
                         net (fo=2, routed)           1.109     6.726    divider/counter[4]
    SLICE_X39Y6          LUT4 (Prop_lut4_I0_O)        0.124     6.850 f  divider/counter[16]_i_6/O
                         net (fo=2, routed)           0.816     7.666    divider/counter[16]_i_6_n_0
    SLICE_X39Y7          LUT4 (Prop_lut4_I3_O)        0.124     7.790 r  divider/counter[16]_i_1/O
                         net (fo=16, routed)          0.646     8.436    divider/temp
    SLICE_X38Y7          FDRE                                         r  divider/counter_reg[8]/R
  -------------------------------------------------------------------    -------------------

                         (clock sys_clk_pin rise edge)
                                                     83.330    83.330 r  
    M9                                                0.000    83.330 r  i_clk_12mhz (IN)
                         net (fo=0)                   0.000    83.330    i_clk_12mhz
    M9                   IBUF (Prop_ibuf_I_O)         1.395    84.725 r  i_clk_12mhz_IBUF_inst/O
                         net (fo=1, routed)           1.862    86.587    i_clk_12mhz_IBUF
    BUFGCTRL_X0Y0        BUFG (Prop_bufg_I_O)         0.091    86.678 r  i_clk_12mhz_IBUF_BUFG_inst/O
                         net (fo=18, routed)          1.515    88.193    divider/i_clk_12mhz_IBUF_BUFG
    SLICE_X38Y7          FDRE                                         r  divider/counter_reg[8]/C
                         clock pessimism              0.272    88.465    
                         clock uncertainty           -0.035    88.430    
    SLICE_X38Y7          FDRE (Setup_fdre_C_R)       -0.429    88.001    divider/counter_reg[8]
  -------------------------------------------------------------------
                         required time                         88.001    
                         arrival time                          -8.436    
  -------------------------------------------------------------------
                         slack                                 79.564    

Slack (MET) :             79.705ns  (required time - arrival time)
  Source:                 divider/counter_reg[4]/C
                            (rising edge-triggered cell FDRE clocked by sys_clk_pin  {rise@0.000ns fall@41.660ns period=83.330ns})
  Destination:            divider/counter_reg[13]/R
                            (rising edge-triggered cell FDRE clocked by sys_clk_pin  {rise@0.000ns fall@41.660ns period=83.330ns})
  Path Group:             sys_clk_pin
  Path Type:              Setup (Max at Slow Process Corner)
  Requirement:            83.330ns  (sys_clk_pin rise@83.330ns - sys_clk_pin rise@0.000ns)
  Data Path Delay:        3.134ns  (logic 0.704ns (22.463%)  route 2.430ns (77.537%))
  Logic Levels:           2  (LUT4=2)
  Clock Path Skew:        -0.027ns (DCD - SCD + CPR)
    Destination Clock Delay (DCD):    4.862ns = ( 88.192 - 83.330 ) 
    Source Clock Delay      (SCD):    5.161ns
    Clock Pessimism Removal (CPR):    0.272ns
  Clock Uncertainty:      0.035ns  ((TSJ^2 + TIJ^2)^1/2 + DJ) / 2 + PE
    Total System Jitter     (TSJ):    0.071ns
    Total Input Jitter      (TIJ):    0.000ns
    Discrete Jitter          (DJ):    0.000ns
    Phase Error              (PE):    0.000ns

    Location             Delay type                Incr(ns)  Path(ns)    Netlist Resource(s)
  -------------------------------------------------------------------    -------------------
                         (clock sys_clk_pin rise edge)
                                                      0.000     0.000 r  
    M9                                                0.000     0.000 r  i_clk_12mhz (IN)
                         net (fo=0)                   0.000     0.000    i_clk_12mhz
    M9                   IBUF (Prop_ibuf_I_O)         1.465     1.465 r  i_clk_12mhz_IBUF_inst/O
                         net (fo=1, routed)           1.966     3.431    i_clk_12mhz_IBUF
    BUFGCTRL_X0Y0        BUFG (Prop_bufg_I_O)         0.096     3.527 r  i_clk_12mhz_IBUF_BUFG_inst/O
                         net (fo=18, routed)          1.634     5.161    divider/i_clk_12mhz_IBUF_BUFG
    SLICE_X38Y6          FDRE                                         r  divider/counter_reg[4]/C
  -------------------------------------------------------------------    -------------------
    SLICE_X38Y6          FDRE (Prop_fdre_C_Q)         0.456     5.617 f  divider/counter_reg[4]/Q
                         net (fo=2, routed)           1.109     6.726    divider/counter[4]
    SLICE_X39Y6          LUT4 (Prop_lut4_I0_O)        0.124     6.850 f  divider/counter[16]_i_6/O
                         net (fo=2, routed)           0.816     7.666    divider/counter[16]_i_6_n_0
    SLICE_X39Y7          LUT4 (Prop_lut4_I3_O)        0.124     7.790 r  divider/counter[16]_i_1/O
                         net (fo=16, routed)          0.505     8.295    divider/temp
    SLICE_X38Y9          FDRE                                         r  divider/counter_reg[13]/R
  -------------------------------------------------------------------    -------------------

                         (clock sys_clk_pin rise edge)
                                                     83.330    83.330 r  
    M9                                                0.000    83.330 r  i_clk_12mhz (IN)
                         net (fo=0)                   0.000    83.330    i_clk_12mhz
    M9                   IBUF (Prop_ibuf_I_O)         1.395    84.725 r  i_clk_12mhz_IBUF_inst/O
                         net (fo=1, routed)           1.862    86.587    i_clk_12mhz_IBUF
    BUFGCTRL_X0Y0        BUFG (Prop_bufg_I_O)         0.091    86.678 r  i_clk_12mhz_IBUF_BUFG_inst/O
                         net (fo=18, routed)          1.514    88.192    divider/i_clk_12mhz_IBUF_BUFG
    SLICE_X38Y9          FDRE                                         r  divider/counter_reg[13]/C
                         clock pessimism              0.272    88.464    
                         clock uncertainty           -0.035    88.429    
    SLICE_X38Y9          FDRE (Setup_fdre_C_R)       -0.429    88.000    divider/counter_reg[13]
  -------------------------------------------------------------------
                         required time                         88.000    
                         arrival time                          -8.295    
  -------------------------------------------------------------------
                         slack                                 79.705    

Slack (MET) :             79.705ns  (required time - arrival time)
  Source:                 divider/counter_reg[4]/C
                            (rising edge-triggered cell FDRE clocked by sys_clk_pin  {rise@0.000ns fall@41.660ns period=83.330ns})
  Destination:            divider/counter_reg[14]/R
                            (rising edge-triggered cell FDRE clocked by sys_clk_pin  {rise@0.000ns fall@41.660ns period=83.330ns})
  Path Group:             sys_clk_pin
  Path Type:              Setup (Max at Slow Process Corner)
  Requirement:            83.330ns  (sys_clk_pin rise@83.330ns - sys_clk_pin rise@0.000ns)
  Data Path Delay:        3.134ns  (logic 0.704ns (22.463%)  route 2.430ns (77.537%))
  Logic Levels:           2  (LUT4=2)
  Clock Path Skew:        -0.027ns (DCD - SCD + CPR)
    Destination Clock Delay (DCD):    4.862ns = ( 88.192 - 83.330 ) 
    Source Clock Delay      (SCD):    5.161ns
    Clock Pessimism Removal (CPR):    0.272ns
  Clock Uncertainty:      0.035ns  ((TSJ^2 + TIJ^2)^1/2 + DJ) / 2 + PE
    Total System Jitter     (TSJ):    0.071ns
    Total Input Jitter      (TIJ):    0.000ns
    Discrete Jitter          (DJ):    0.000ns
    Phase Error              (PE):    0.000ns

    Location             Delay type                Incr(ns)  Path(ns)    Netlist Resource(s)
  -------------------------------------------------------------------    -------------------
                         (clock sys_clk_pin rise edge)
                                                      0.000     0.000 r  
    M9                                                0.000     0.000 r  i_clk_12mhz (IN)
                         net (fo=0)                   0.000     0.000    i_clk_12mhz
    M9                   IBUF (Prop_ibuf_I_O)         1.465     1.465 r  i_clk_12mhz_IBUF_inst/O
                         net (fo=1, routed)           1.966     3.431    i_clk_12mhz_IBUF
    BUFGCTRL_X0Y0        BUFG (Prop_bufg_I_O)         0.096     3.527 r  i_clk_12mhz_IBUF_BUFG_inst/O
                         net (fo=18, routed)          1.634     5.161    divider/i_clk_12mhz_IBUF_BUFG
    SLICE_X38Y6          FDRE                                         r  divider/counter_reg[4]/C
  -------------------------------------------------------------------    -------------------
    SLICE_X38Y6          FDRE (Prop_fdre_C_Q)         0.456     5.617 f  divider/counter_reg[4]/Q
                         net (fo=2, routed)           1.109     6.726    divider/counter[4]
    SLICE_X39Y6          LUT4 (Prop_lut4_I0_O)        0.124     6.850 f  divider/counter[16]_i_6/O
                         net (fo=2, routed)           0.816     7.666    divider/counter[16]_i_6_n_0
    SLICE_X39Y7          LUT4 (Prop_lut4_I3_O)        0.124     7.790 r  divider/counter[16]_i_1/O
                         net (fo=16, routed)          0.505     8.295    divider/temp
    SLICE_X38Y9          FDRE                                         r  divider/counter_reg[14]/R
  -------------------------------------------------------------------    -------------------

                         (clock sys_clk_pin rise edge)
                                                     83.330    83.330 r  
    M9                                                0.000    83.330 r  i_clk_12mhz (IN)
                         net (fo=0)                   0.000    83.330    i_clk_12mhz
    M9                   IBUF (Prop_ibuf_I_O)         1.395    84.725 r  i_clk_12mhz_IBUF_inst/O
                         net (fo=1, routed)           1.862    86.587    i_clk_12mhz_IBUF
    BUFGCTRL_X0Y0        BUFG (Prop_bufg_I_O)         0.091    86.678 r  i_clk_12mhz_IBUF_BUFG_inst/O
                         net (fo=18, routed)          1.514    88.192    divider/i_clk_12mhz_IBUF_BUFG
    SLICE_X38Y9          FDRE                                         r  divider/counter_reg[14]/C
                         clock pessimism              0.272    88.464    
                         clock uncertainty           -0.035    88.429    
    SLICE_X38Y9          FDRE (Setup_fdre_C_R)       -0.429    88.000    divider/counter_reg[14]
  -------------------------------------------------------------------
                         required time                         88.000    
                         arrival time                          -8.295    
  -------------------------------------------------------------------
                         slack                                 79.705    

Slack (MET) :             79.705ns  (required time - arrival time)
  Source:                 divider/counter_reg[4]/C
                            (rising edge-triggered cell FDRE clocked by sys_clk_pin  {rise@0.000ns fall@41.660ns period=83.330ns})
  Destination:            divider/counter_reg[15]/R
                            (rising edge-triggered cell FDRE clocked by sys_clk_pin  {rise@0.000ns fall@41.660ns period=83.330ns})
  Path Group:             sys_clk_pin
  Path Type:              Setup (Max at Slow Process Corner)
  Requirement:            83.330ns  (sys_clk_pin rise@83.330ns - sys_clk_pin rise@0.000ns)
  Data Path Delay:        3.134ns  (logic 0.704ns (22.463%)  route 2.430ns (77.537%))
  Logic Levels:           2  (LUT4=2)
  Clock Path Skew:        -0.027ns (DCD - SCD + CPR)
    Destination Clock Delay (DCD):    4.862ns = ( 88.192 - 83.330 ) 
    Source Clock Delay      (SCD):    5.161ns
    Clock Pessimism Removal (CPR):    0.272ns
  Clock Uncertainty:      0.035ns  ((TSJ^2 + TIJ^2)^1/2 + DJ) / 2 + PE
    Total System Jitter     (TSJ):    0.071ns
    Total Input Jitter      (TIJ):    0.000ns
    Discrete Jitter          (DJ):    0.000ns
    Phase Error              (PE):    0.000ns

    Location             Delay type                Incr(ns)  Path(ns)    Netlist Resource(s)
  -------------------------------------------------------------------    -------------------
                         (clock sys_clk_pin rise edge)
                                                      0.000     0.000 r  
    M9                                                0.000     0.000 r  i_clk_12mhz (IN)
                         net (fo=0)                   0.000     0.000    i_clk_12mhz
    M9                   IBUF (Prop_ibuf_I_O)         1.465     1.465 r  i_clk_12mhz_IBUF_inst/O
                         net (fo=1, routed)           1.966     3.431    i_clk_12mhz_IBUF
    BUFGCTRL_X0Y0        BUFG (Prop_bufg_I_O)         0.096     3.527 r  i_clk_12mhz_IBUF_BUFG_inst/O
                         net (fo=18, routed)          1.634     5.161    divider/i_clk_12mhz_IBUF_BUFG
    SLICE_X38Y6          FDRE                                         r  divider/counter_reg[4]/C
  -------------------------------------------------------------------    -------------------
    SLICE_X38Y6          FDRE (Prop_fdre_C_Q)         0.456     5.617 f  divider/counter_reg[4]/Q
                         net (fo=2, routed)           1.109     6.726    divider/counter[4]
    SLICE_X39Y6          LUT4 (Prop_lut4_I0_O)        0.124     6.850 f  divider/counter[16]_i_6/O
                         net (fo=2, routed)           0.816     7.666    divider/counter[16]_i_6_n_0
    SLICE_X39Y7          LUT4 (Prop_lut4_I3_O)        0.124     7.790 r  divider/counter[16]_i_1/O
                         net (fo=16, routed)          0.505     8.295    divider/temp
    SLICE_X38Y9          FDRE                                         r  divider/counter_reg[15]/R
  -------------------------------------------------------------------    -------------------

                         (clock sys_clk_pin rise edge)
                                                     83.330    83.330 r  
    M9                                                0.000    83.330 r  i_clk_12mhz (IN)
                         net (fo=0)                   0.000    83.330    i_clk_12mhz
    M9                   IBUF (Prop_ibuf_I_O)         1.395    84.725 r  i_clk_12mhz_IBUF_inst/O
                         net (fo=1, routed)           1.862    86.587    i_clk_12mhz_IBUF
    BUFGCTRL_X0Y0        BUFG (Prop_bufg_I_O)         0.091    86.678 r  i_clk_12mhz_IBUF_BUFG_inst/O
                         net (fo=18, routed)          1.514    88.192    divider/i_clk_12mhz_IBUF_BUFG
    SLICE_X38Y9          FDRE                                         r  divider/counter_reg[15]/C
                         clock pessimism              0.272    88.464    
                         clock uncertainty           -0.035    88.429    
    SLICE_X38Y9          FDRE (Setup_fdre_C_R)       -0.429    88.000    divider/counter_reg[15]
  -------------------------------------------------------------------
                         required time                         88.000    
                         arrival time                          -8.295    
  -------------------------------------------------------------------
                         slack                                 79.705    

Slack (MET) :             79.705ns  (required time - arrival time)
  Source:                 divider/counter_reg[4]/C
                            (rising edge-triggered cell FDRE clocked by sys_clk_pin  {rise@0.000ns fall@41.660ns period=83.330ns})
  Destination:            divider/counter_reg[16]/R
                            (rising edge-triggered cell FDRE clocked by sys_clk_pin  {rise@0.000ns fall@41.660ns period=83.330ns})
  Path Group:             sys_clk_pin
  Path Type:              Setup (Max at Slow Process Corner)
  Requirement:            83.330ns  (sys_clk_pin rise@83.330ns - sys_clk_pin rise@0.000ns)
  Data Path Delay:        3.134ns  (logic 0.704ns (22.463%)  route 2.430ns (77.537%))
  Logic Levels:           2  (LUT4=2)
  Clock Path Skew:        -0.027ns (DCD - SCD + CPR)
    Destination Clock Delay (DCD):    4.862ns = ( 88.192 - 83.330 ) 
    Source Clock Delay      (SCD):    5.161ns
    Clock Pessimism Removal (CPR):    0.272ns
  Clock Uncertainty:      0.035ns  ((TSJ^2 + TIJ^2)^1/2 + DJ) / 2 + PE
    Total System Jitter     (TSJ):    0.071ns
    Total Input Jitter      (TIJ):    0.000ns
    Discrete Jitter          (DJ):    0.000ns
    Phase Error              (PE):    0.000ns

    Location             Delay type                Incr(ns)  Path(ns)    Netlist Resource(s)
  -------------------------------------------------------------------    -------------------
                         (clock sys_clk_pin rise edge)
                                                      0.000     0.000 r  
    M9                                                0.000     0.000 r  i_clk_12mhz (IN)
                         net (fo=0)                   0.000     0.000    i_clk_12mhz
    M9                   IBUF (Prop_ibuf_I_O)         1.465     1.465 r  i_clk_12mhz_IBUF_inst/O
                         net (fo=1, routed)           1.966     3.431    i_clk_12mhz_IBUF
    BUFGCTRL_X0Y0        BUFG (Prop_bufg_I_O)         0.096     3.527 r  i_clk_12mhz_IBUF_BUFG_inst/O
                         net (fo=18, routed)          1.634     5.161    divider/i_clk_12mhz_IBUF_BUFG
    SLICE_X38Y6          FDRE                                         r  divider/counter_reg[4]/C
  -------------------------------------------------------------------    -------------------
    SLICE_X38Y6          FDRE (Prop_fdre_C_Q)         0.456     5.617 f  divider/counter_reg[4]/Q
                         net (fo=2, routed)           1.109     6.726    divider/counter[4]
    SLICE_X39Y6          LUT4 (Prop_lut4_I0_O)        0.124     6.850 f  divider/counter[16]_i_6/O
                         net (fo=2, routed)           0.816     7.666    divider/counter[16]_i_6_n_0
    SLICE_X39Y7          LUT4 (Prop_lut4_I3_O)        0.124     7.790 r  divider/counter[16]_i_1/O
                         net (fo=16, routed)          0.505     8.295    divider/temp
    SLICE_X38Y9          FDRE                                         r  divider/counter_reg[16]/R
  -------------------------------------------------------------------    -------------------

                         (clock sys_clk_pin rise edge)
                                                     83.330    83.330 r  
    M9                                                0.000    83.330 r  i_clk_12mhz (IN)
                         net (fo=0)                   0.000    83.330    i_clk_12mhz
    M9                   IBUF (Prop_ibuf_I_O)         1.395    84.725 r  i_clk_12mhz_IBUF_inst/O
                         net (fo=1, routed)           1.862    86.587    i_clk_12mhz_IBUF
    BUFGCTRL_X0Y0        BUFG (Prop_bufg_I_O)         0.091    86.678 r  i_clk_12mhz_IBUF_BUFG_inst/O
                         net (fo=18, routed)          1.514    88.192    divider/i_clk_12mhz_IBUF_BUFG
    SLICE_X38Y9          FDRE                                         r  divider/counter_reg[16]/C
                         clock pessimism              0.272    88.464    
                         clock uncertainty           -0.035    88.429    
    SLICE_X38Y9          FDRE (Setup_fdre_C_R)       -0.429    88.000    divider/counter_reg[16]
  -------------------------------------------------------------------
                         required time                         88.000    
                         arrival time                          -8.295    
  -------------------------------------------------------------------
                         slack                                 79.705    

Slack (MET) :             79.715ns  (required time - arrival time)
  Source:                 divider/counter_reg[12]/C
                            (rising edge-triggered cell FDRE clocked by sys_clk_pin  {rise@0.000ns fall@41.660ns period=83.330ns})
  Destination:            divider/counter_reg[1]/R
                            (rising edge-triggered cell FDRE clocked by sys_clk_pin  {rise@0.000ns fall@41.660ns period=83.330ns})
  Path Group:             sys_clk_pin
  Path Type:              Setup (Max at Slow Process Corner)
  Requirement:            83.330ns  (sys_clk_pin rise@83.330ns - sys_clk_pin rise@0.000ns)
  Data Path Delay:        3.127ns  (logic 0.704ns (22.517%)  route 2.423ns (77.483%))
  Logic Levels:           2  (LUT4=2)
  Clock Path Skew:        -0.024ns (DCD - SCD + CPR)
    Destination Clock Delay (DCD):    4.864ns = ( 88.194 - 83.330 ) 
    Source Clock Delay      (SCD):    5.160ns
    Clock Pessimism Removal (CPR):    0.272ns
  Clock Uncertainty:      0.035ns  ((TSJ^2 + TIJ^2)^1/2 + DJ) / 2 + PE
    Total System Jitter     (TSJ):    0.071ns
    Total Input Jitter      (TIJ):    0.000ns
    Discrete Jitter          (DJ):    0.000ns
    Phase Error              (PE):    0.000ns

    Location             Delay type                Incr(ns)  Path(ns)    Netlist Resource(s)
  -------------------------------------------------------------------    -------------------
                         (clock sys_clk_pin rise edge)
                                                      0.000     0.000 r  
    M9                                                0.000     0.000 r  i_clk_12mhz (IN)
                         net (fo=0)                   0.000     0.000    i_clk_12mhz
    M9                   IBUF (Prop_ibuf_I_O)         1.465     1.465 r  i_clk_12mhz_IBUF_inst/O
                         net (fo=1, routed)           1.966     3.431    i_clk_12mhz_IBUF
    BUFGCTRL_X0Y0        BUFG (Prop_bufg_I_O)         0.096     3.527 r  i_clk_12mhz_IBUF_BUFG_inst/O
                         net (fo=18, routed)          1.633     5.160    divider/i_clk_12mhz_IBUF_BUFG
    SLICE_X38Y8          FDRE                                         r  divider/counter_reg[12]/C
  -------------------------------------------------------------------    -------------------
    SLICE_X38Y8          FDRE (Prop_fdre_C_Q)         0.456     5.616 f  divider/counter_reg[12]/Q
                         net (fo=2, routed)           1.109     6.725    divider/counter[12]
    SLICE_X39Y8          LUT4 (Prop_lut4_I0_O)        0.124     6.849 f  divider/counter[16]_i_4/O
                         net (fo=2, routed)           0.806     7.655    divider/counter[16]_i_4_n_0
    SLICE_X39Y7          LUT4 (Prop_lut4_I1_O)        0.124     7.779 r  divider/counter[16]_i_1/O
                         net (fo=16, routed)          0.507     8.287    divider/temp
    SLICE_X38Y6          FDRE                                         r  divider/counter_reg[1]/R
  -------------------------------------------------------------------    -------------------

                         (clock sys_clk_pin rise edge)
                                                     83.330    83.330 r  
    M9                                                0.000    83.330 r  i_clk_12mhz (IN)
                         net (fo=0)                   0.000    83.330    i_clk_12mhz
    M9                   IBUF (Prop_ibuf_I_O)         1.395    84.725 r  i_clk_12mhz_IBUF_inst/O
                         net (fo=1, routed)           1.862    86.587    i_clk_12mhz_IBUF
    BUFGCTRL_X0Y0        BUFG (Prop_bufg_I_O)         0.091    86.678 r  i_clk_12mhz_IBUF_BUFG_inst/O
                         net (fo=18, routed)          1.516    88.194    divider/i_clk_12mhz_IBUF_BUFG
    SLICE_X38Y6          FDRE                                         r  divider/counter_reg[1]/C
                         clock pessimism              0.272    88.466    
                         clock uncertainty           -0.035    88.431    
    SLICE_X38Y6          FDRE (Setup_fdre_C_R)       -0.429    88.002    divider/counter_reg[1]
  -------------------------------------------------------------------
                         required time                         88.002    
                         arrival time                          -8.287    
  -------------------------------------------------------------------
                         slack                                 79.715    

Slack (MET) :             79.715ns  (required time - arrival time)
  Source:                 divider/counter_reg[12]/C
                            (rising edge-triggered cell FDRE clocked by sys_clk_pin  {rise@0.000ns fall@41.660ns period=83.330ns})
  Destination:            divider/counter_reg[2]/R
                            (rising edge-triggered cell FDRE clocked by sys_clk_pin  {rise@0.000ns fall@41.660ns period=83.330ns})
  Path Group:             sys_clk_pin
  Path Type:              Setup (Max at Slow Process Corner)
  Requirement:            83.330ns  (sys_clk_pin rise@83.330ns - sys_clk_pin rise@0.000ns)
  Data Path Delay:        3.127ns  (logic 0.704ns (22.517%)  route 2.423ns (77.483%))
  Logic Levels:           2  (LUT4=2)
  Clock Path Skew:        -0.024ns (DCD - SCD + CPR)
    Destination Clock Delay (DCD):    4.864ns = ( 88.194 - 83.330 ) 
    Source Clock Delay      (SCD):    5.160ns
    Clock Pessimism Removal (CPR):    0.272ns
  Clock Uncertainty:      0.035ns  ((TSJ^2 + TIJ^2)^1/2 + DJ) / 2 + PE
    Total System Jitter     (TSJ):    0.071ns
    Total Input Jitter      (TIJ):    0.000ns
    Discrete Jitter          (DJ):    0.000ns
    Phase Error              (PE):    0.000ns

    Location             Delay type                Incr(ns)  Path(ns)    Netlist Resource(s)
  -------------------------------------------------------------------    -------------------
                         (clock sys_clk_pin rise edge)
                                                      0.000     0.000 r  
    M9                                                0.000     0.000 r  i_clk_12mhz (IN)
                         net (fo=0)                   0.000     0.000    i_clk_12mhz
    M9                   IBUF (Prop_ibuf_I_O)         1.465     1.465 r  i_clk_12mhz_IBUF_inst/O
                         net (fo=1, routed)           1.966     3.431    i_clk_12mhz_IBUF
    BUFGCTRL_X0Y0        BUFG (Prop_bufg_I_O)         0.096     3.527 r  i_clk_12mhz_IBUF_BUFG_inst/O
                         net (fo=18, routed)          1.633     5.160    divider/i_clk_12mhz_IBUF_BUFG
    SLICE_X38Y8          FDRE                                         r  divider/counter_reg[12]/C
  -------------------------------------------------------------------    -------------------
    SLICE_X38Y8          FDRE (Prop_fdre_C_Q)         0.456     5.616 f  divider/counter_reg[12]/Q
                         net (fo=2, routed)           1.109     6.725    divider/counter[12]
    SLICE_X39Y8          LUT4 (Prop_lut4_I0_O)        0.124     6.849 f  divider/counter[16]_i_4/O
                         net (fo=2, routed)           0.806     7.655    divider/counter[16]_i_4_n_0
    SLICE_X39Y7          LUT4 (Prop_lut4_I1_O)        0.124     7.779 r  divider/counter[16]_i_1/O
                         net (fo=16, routed)          0.507     8.287    divider/temp
    SLICE_X38Y6          FDRE                                         r  divider/counter_reg[2]/R
  -------------------------------------------------------------------    -------------------

                         (clock sys_clk_pin rise edge)
                                                     83.330    83.330 r  
    M9                                                0.000    83.330 r  i_clk_12mhz (IN)
                         net (fo=0)                   0.000    83.330    i_clk_12mhz
    M9                   IBUF (Prop_ibuf_I_O)         1.395    84.725 r  i_clk_12mhz_IBUF_inst/O
                         net (fo=1, routed)           1.862    86.587    i_clk_12mhz_IBUF
    BUFGCTRL_X0Y0        BUFG (Prop_bufg_I_O)         0.091    86.678 r  i_clk_12mhz_IBUF_BUFG_inst/O
                         net (fo=18, routed)          1.516    88.194    divider/i_clk_12mhz_IBUF_BUFG
    SLICE_X38Y6          FDRE                                         r  divider/counter_reg[2]/C
                         clock pessimism              0.272    88.466    
                         clock uncertainty           -0.035    88.431    
    SLICE_X38Y6          FDRE (Setup_fdre_C_R)       -0.429    88.002    divider/counter_reg[2]
  -------------------------------------------------------------------
                         required time                         88.002    
                         arrival time                          -8.287    
  -------------------------------------------------------------------
                         slack                                 79.715    





Min Delay Paths
--------------------------------------------------------------------------------------
Slack (MET) :             0.246ns  (arrival time - required time)
  Source:                 divider/counter_reg[0]/C
                            (rising edge-triggered cell FDRE clocked by sys_clk_pin  {rise@0.000ns fall@41.660ns period=83.330ns})
  Destination:            divider/counter_reg[0]/D
                            (rising edge-triggered cell FDRE clocked by sys_clk_pin  {rise@0.000ns fall@41.660ns period=83.330ns})
  Path Group:             sys_clk_pin
  Path Type:              Hold (Min at Fast Process Corner)
  Requirement:            0.000ns  (sys_clk_pin rise@0.000ns - sys_clk_pin rise@0.000ns)
  Data Path Delay:        0.351ns  (logic 0.183ns (52.101%)  route 0.168ns (47.899%))
  Logic Levels:           1  (LUT1=1)
  Clock Path Skew:        0.000ns (DCD - SCD - CPR)
    Destination Clock Delay (DCD):    1.997ns
    Source Clock Delay      (SCD):    1.482ns
    Clock Pessimism Removal (CPR):    0.515ns

    Location             Delay type                Incr(ns)  Path(ns)    Netlist Resource(s)
  -------------------------------------------------------------------    -------------------
                         (clock sys_clk_pin rise edge)
                                                      0.000     0.000 r  
    M9                                                0.000     0.000 r  i_clk_12mhz (IN)
                         net (fo=0)                   0.000     0.000    i_clk_12mhz
    M9                   IBUF (Prop_ibuf_I_O)         0.233     0.233 r  i_clk_12mhz_IBUF_inst/O
                         net (fo=1, routed)           0.631     0.864    i_clk_12mhz_IBUF
    BUFGCTRL_X0Y0        BUFG (Prop_bufg_I_O)         0.026     0.890 r  i_clk_12mhz_IBUF_BUFG_inst/O
                         net (fo=18, routed)          0.592     1.482    divider/i_clk_12mhz_IBUF_BUFG
    SLICE_X39Y7          FDRE                                         r  divider/counter_reg[0]/C
  -------------------------------------------------------------------    -------------------
    SLICE_X39Y7          FDRE (Prop_fdre_C_Q)         0.141     1.623 f  divider/counter_reg[0]/Q
                         net (fo=3, routed)           0.168     1.791    divider/counter[0]
    SLICE_X39Y7          LUT1 (Prop_lut1_I0_O)        0.042     1.833 r  divider/counter[0]_i_1/O
                         net (fo=1, routed)           0.000     1.833    divider/counter_0[0]
    SLICE_X39Y7          FDRE                                         r  divider/counter_reg[0]/D
  -------------------------------------------------------------------    -------------------

                         (clock sys_clk_pin rise edge)
                                                      0.000     0.000 r  
    M9                                                0.000     0.000 r  i_clk_12mhz (IN)
                         net (fo=0)                   0.000     0.000    i_clk_12mhz
    M9                   IBUF (Prop_ibuf_I_O)         0.421     0.421 r  i_clk_12mhz_IBUF_inst/O
                         net (fo=1, routed)           0.685     1.106    i_clk_12mhz_IBUF
    BUFGCTRL_X0Y0        BUFG (Prop_bufg_I_O)         0.029     1.135 r  i_clk_12mhz_IBUF_BUFG_inst/O
                         net (fo=18, routed)          0.863     1.997    divider/i_clk_12mhz_IBUF_BUFG
    SLICE_X39Y7          FDRE                                         r  divider/counter_reg[0]/C
                         clock pessimism             -0.515     1.482    
    SLICE_X39Y7          FDRE (Hold_fdre_C_D)         0.105     1.587    divider/counter_reg[0]
  -------------------------------------------------------------------
                         required time                         -1.587    
                         arrival time                           1.833    
  -------------------------------------------------------------------
                         slack                                  0.246    

Slack (MET) :             0.280ns  (arrival time - required time)
  Source:                 divider/counter_reg[7]/C
                            (rising edge-triggered cell FDRE clocked by sys_clk_pin  {rise@0.000ns fall@41.660ns period=83.330ns})
  Destination:            divider/counter_reg[7]/D
                            (rising edge-triggered cell FDRE clocked by sys_clk_pin  {rise@0.000ns fall@41.660ns period=83.330ns})
  Path Group:             sys_clk_pin
  Path Type:              Hold (Min at Fast Process Corner)
  Requirement:            0.000ns  (sys_clk_pin rise@0.000ns - sys_clk_pin rise@0.000ns)
  Data Path Delay:        0.385ns  (logic 0.252ns (65.529%)  route 0.133ns (34.471%))
  Logic Levels:           1  (CARRY4=1)
  Clock Path Skew:        0.000ns (DCD - SCD - CPR)
    Destination Clock Delay (DCD):    1.997ns
    Source Clock Delay      (SCD):    1.482ns
    Clock Pessimism Removal (CPR):    0.515ns

    Location             Delay type                Incr(ns)  Path(ns)    Netlist Resource(s)
  -------------------------------------------------------------------    -------------------
                         (clock sys_clk_pin rise edge)
                                                      0.000     0.000 r  
    M9                                                0.000     0.000 r  i_clk_12mhz (IN)
                         net (fo=0)                   0.000     0.000    i_clk_12mhz
    M9                   IBUF (Prop_ibuf_I_O)         0.233     0.233 r  i_clk_12mhz_IBUF_inst/O
                         net (fo=1, routed)           0.631     0.864    i_clk_12mhz_IBUF
    BUFGCTRL_X0Y0        BUFG (Prop_bufg_I_O)         0.026     0.890 r  i_clk_12mhz_IBUF_BUFG_inst/O
                         net (fo=18, routed)          0.592     1.482    divider/i_clk_12mhz_IBUF_BUFG
    SLICE_X38Y7          FDRE                                         r  divider/counter_reg[7]/C
  -------------------------------------------------------------------    -------------------
    SLICE_X38Y7          FDRE (Prop_fdre_C_Q)         0.141     1.623 r  divider/counter_reg[7]/Q
                         net (fo=2, routed)           0.133     1.755    divider/counter[7]
    SLICE_X38Y7          CARRY4 (Prop_carry4_S[2]_O[2])
                                                      0.111     1.866 r  divider/counter_reg[8]_i_1/O[2]
                         net (fo=1, routed)           0.000     1.866    divider/data0[7]
    SLICE_X38Y7          FDRE                                         r  divider/counter_reg[7]/D
  -------------------------------------------------------------------    -------------------

                         (clock sys_clk_pin rise edge)
                                                      0.000     0.000 r  
    M9                                                0.000     0.000 r  i_clk_12mhz (IN)
                         net (fo=0)                   0.000     0.000    i_clk_12mhz
    M9                   IBUF (Prop_ibuf_I_O)         0.421     0.421 r  i_clk_12mhz_IBUF_inst/O
                         net (fo=1, routed)           0.685     1.106    i_clk_12mhz_IBUF
    BUFGCTRL_X0Y0        BUFG (Prop_bufg_I_O)         0.029     1.135 r  i_clk_12mhz_IBUF_BUFG_inst/O
                         net (fo=18, routed)          0.863     1.997    divider/i_clk_12mhz_IBUF_BUFG
    SLICE_X38Y7          FDRE                                         r  divider/counter_reg[7]/C
                         clock pessimism             -0.515     1.482    
    SLICE_X38Y7          FDRE (Hold_fdre_C_D)         0.105     1.587    divider/counter_reg[7]
  -------------------------------------------------------------------
                         required time                         -1.587    
                         arrival time                           1.866    
  -------------------------------------------------------------------
                         slack                                  0.280    

Slack (MET) :             0.280ns  (arrival time - required time)
  Source:                 divider/counter_reg[3]/C
                            (rising edge-triggered cell FDRE clocked by sys_clk_pin  {rise@0.000ns fall@41.660ns period=83.330ns})
  Destination:            divider/counter_reg[3]/D
                            (rising edge-triggered cell FDRE clocked by sys_clk_pin  {rise@0.000ns fall@41.660ns period=83.330ns})
  Path Group:             sys_clk_pin
  Path Type:              Hold (Min at Fast Process Corner)
  Requirement:            0.000ns  (sys_clk_pin rise@0.000ns - sys_clk_pin rise@0.000ns)
  Data Path Delay:        0.385ns  (logic 0.252ns (65.465%)  route 0.133ns (34.535%))
  Logic Levels:           1  (CARRY4=1)
  Clock Path Skew:        0.000ns (DCD - SCD - CPR)
    Destination Clock Delay (DCD):    1.998ns
    Source Clock Delay      (SCD):    1.483ns
    Clock Pessimism Removal (CPR):    0.515ns

    Location             Delay type                Incr(ns)  Path(ns)    Netlist Resource(s)
  -------------------------------------------------------------------    -------------------
                         (clock sys_clk_pin rise edge)
                                                      0.000     0.000 r  
    M9                                                0.000     0.000 r  i_clk_12mhz (IN)
                         net (fo=0)                   0.000     0.000    i_clk_12mhz
    M9                   IBUF (Prop_ibuf_I_O)         0.233     0.233 r  i_clk_12mhz_IBUF_inst/O
                         net (fo=1, routed)           0.631     0.864    i_clk_12mhz_IBUF
    BUFGCTRL_X0Y0        BUFG (Prop_bufg_I_O)         0.026     0.890 r  i_clk_12mhz_IBUF_BUFG_inst/O
                         net (fo=18, routed)          0.593     1.483    divider/i_clk_12mhz_IBUF_BUFG
    SLICE_X38Y6          FDRE                                         r  divider/counter_reg[3]/C
  -------------------------------------------------------------------    -------------------
    SLICE_X38Y6          FDRE (Prop_fdre_C_Q)         0.141     1.624 r  divider/counter_reg[3]/Q
                         net (fo=2, routed)           0.133     1.757    divider/counter[3]
    SLICE_X38Y6          CARRY4 (Prop_carry4_S[2]_O[2])
                                                      0.111     1.868 r  divider/counter_reg[4]_i_1/O[2]
                         net (fo=1, routed)           0.000     1.868    divider/data0[3]
    SLICE_X38Y6          FDRE                                         r  divider/counter_reg[3]/D
  -------------------------------------------------------------------    -------------------

                         (clock sys_clk_pin rise edge)
                                                      0.000     0.000 r  
    M9                                                0.000     0.000 r  i_clk_12mhz (IN)
                         net (fo=0)                   0.000     0.000    i_clk_12mhz
    M9                   IBUF (Prop_ibuf_I_O)         0.421     0.421 r  i_clk_12mhz_IBUF_inst/O
                         net (fo=1, routed)           0.685     1.106    i_clk_12mhz_IBUF
    BUFGCTRL_X0Y0        BUFG (Prop_bufg_I_O)         0.029     1.135 r  i_clk_12mhz_IBUF_BUFG_inst/O
                         net (fo=18, routed)          0.864     1.998    divider/i_clk_12mhz_IBUF_BUFG
    SLICE_X38Y6          FDRE                                         r  divider/counter_reg[3]/C
                         clock pessimism             -0.515     1.483    
    SLICE_X38Y6          FDRE (Hold_fdre_C_D)         0.105     1.588    divider/counter_reg[3]
  -------------------------------------------------------------------
                         required time                         -1.588    
                         arrival time                           1.868    
  -------------------------------------------------------------------
                         slack                                  0.280    

Slack (MET) :             0.280ns  (arrival time - required time)
  Source:                 divider/counter_reg[11]/C
                            (rising edge-triggered cell FDRE clocked by sys_clk_pin  {rise@0.000ns fall@41.660ns period=83.330ns})
  Destination:            divider/counter_reg[11]/D
                            (rising edge-triggered cell FDRE clocked by sys_clk_pin  {rise@0.000ns fall@41.660ns period=83.330ns})
  Path Group:             sys_clk_pin
  Path Type:              Hold (Min at Fast Process Corner)
  Requirement:            0.000ns  (sys_clk_pin rise@0.000ns - sys_clk_pin rise@0.000ns)
  Data Path Delay:        0.385ns  (logic 0.252ns (65.465%)  route 0.133ns (34.535%))
  Logic Levels:           1  (CARRY4=1)
  Clock Path Skew:        0.000ns (DCD - SCD - CPR)
    Destination Clock Delay (DCD):    1.997ns
    Source Clock Delay      (SCD):    1.482ns
    Clock Pessimism Removal (CPR):    0.515ns

    Location             Delay type                Incr(ns)  Path(ns)    Netlist Resource(s)
  -------------------------------------------------------------------    -------------------
                         (clock sys_clk_pin rise edge)
                                                      0.000     0.000 r  
    M9                                                0.000     0.000 r  i_clk_12mhz (IN)
                         net (fo=0)                   0.000     0.000    i_clk_12mhz
    M9                   IBUF (Prop_ibuf_I_O)         0.233     0.233 r  i_clk_12mhz_IBUF_inst/O
                         net (fo=1, routed)           0.631     0.864    i_clk_12mhz_IBUF
    BUFGCTRL_X0Y0        BUFG (Prop_bufg_I_O)         0.026     0.890 r  i_clk_12mhz_IBUF_BUFG_inst/O
                         net (fo=18, routed)          0.592     1.482    divider/i_clk_12mhz_IBUF_BUFG
    SLICE_X38Y8          FDRE                                         r  divider/counter_reg[11]/C
  -------------------------------------------------------------------    -------------------
    SLICE_X38Y8          FDRE (Prop_fdre_C_Q)         0.141     1.623 r  divider/counter_reg[11]/Q
                         net (fo=2, routed)           0.133     1.756    divider/counter[11]
    SLICE_X38Y8          CARRY4 (Prop_carry4_S[2]_O[2])
                                                      0.111     1.867 r  divider/counter_reg[12]_i_1/O[2]
                         net (fo=1, routed)           0.000     1.867    divider/data0[11]
    SLICE_X38Y8          FDRE                                         r  divider/counter_reg[11]/D
  -------------------------------------------------------------------    -------------------

                         (clock sys_clk_pin rise edge)
                                                      0.000     0.000 r  
    M9                                                0.000     0.000 r  i_clk_12mhz (IN)
                         net (fo=0)                   0.000     0.000    i_clk_12mhz
    M9                   IBUF (Prop_ibuf_I_O)         0.421     0.421 r  i_clk_12mhz_IBUF_inst/O
                         net (fo=1, routed)           0.685     1.106    i_clk_12mhz_IBUF
    BUFGCTRL_X0Y0        BUFG (Prop_bufg_I_O)         0.029     1.135 r  i_clk_12mhz_IBUF_BUFG_inst/O
                         net (fo=18, routed)          0.863     1.997    divider/i_clk_12mhz_IBUF_BUFG
    SLICE_X38Y8          FDRE                                         r  divider/counter_reg[11]/C
                         clock pessimism             -0.515     1.482    
    SLICE_X38Y8          FDRE (Hold_fdre_C_D)         0.105     1.587    divider/counter_reg[11]
  -------------------------------------------------------------------
                         required time                         -1.587    
                         arrival time                           1.867    
  -------------------------------------------------------------------
                         slack                                  0.280    

Slack (MET) :             0.281ns  (arrival time - required time)
  Source:                 divider/counter_reg[15]/C
                            (rising edge-triggered cell FDRE clocked by sys_clk_pin  {rise@0.000ns fall@41.660ns period=83.330ns})
  Destination:            divider/counter_reg[15]/D
                            (rising edge-triggered cell FDRE clocked by sys_clk_pin  {rise@0.000ns fall@41.660ns period=83.330ns})
  Path Group:             sys_clk_pin
  Path Type:              Hold (Min at Fast Process Corner)
  Requirement:            0.000ns  (sys_clk_pin rise@0.000ns - sys_clk_pin rise@0.000ns)
  Data Path Delay:        0.386ns  (logic 0.252ns (65.343%)  route 0.134ns (34.657%))
  Logic Levels:           1  (CARRY4=1)
  Clock Path Skew:        0.000ns (DCD - SCD - CPR)
    Destination Clock Delay (DCD):    1.997ns
    Source Clock Delay      (SCD):    1.482ns
    Clock Pessimism Removal (CPR):    0.515ns

    Location             Delay type                Incr(ns)  Path(ns)    Netlist Resource(s)
  -------------------------------------------------------------------    -------------------
                         (clock sys_clk_pin rise edge)
                                                      0.000     0.000 r  
    M9                                                0.000     0.000 r  i_clk_12mhz (IN)
                         net (fo=0)                   0.000     0.000    i_clk_12mhz
    M9                   IBUF (Prop_ibuf_I_O)         0.233     0.233 r  i_clk_12mhz_IBUF_inst/O
                         net (fo=1, routed)           0.631     0.864    i_clk_12mhz_IBUF
    BUFGCTRL_X0Y0        BUFG (Prop_bufg_I_O)         0.026     0.890 r  i_clk_12mhz_IBUF_BUFG_inst/O
                         net (fo=18, routed)          0.592     1.482    divider/i_clk_12mhz_IBUF_BUFG
    SLICE_X38Y9          FDRE                                         r  divider/counter_reg[15]/C
  -------------------------------------------------------------------    -------------------
    SLICE_X38Y9          FDRE (Prop_fdre_C_Q)         0.141     1.623 r  divider/counter_reg[15]/Q
                         net (fo=2, routed)           0.134     1.756    divider/counter[15]
    SLICE_X38Y9          CARRY4 (Prop_carry4_S[2]_O[2])
                                                      0.111     1.867 r  divider/counter_reg[16]_i_2/O[2]
                         net (fo=1, routed)           0.000     1.867    divider/data0[15]
    SLICE_X38Y9          FDRE                                         r  divider/counter_reg[15]/D
  -------------------------------------------------------------------    -------------------

                         (clock sys_clk_pin rise edge)
                                                      0.000     0.000 r  
    M9                                                0.000     0.000 r  i_clk_12mhz (IN)
                         net (fo=0)                   0.000     0.000    i_clk_12mhz
    M9                   IBUF (Prop_ibuf_I_O)         0.421     0.421 r  i_clk_12mhz_IBUF_inst/O
                         net (fo=1, routed)           0.685     1.106    i_clk_12mhz_IBUF
    BUFGCTRL_X0Y0        BUFG (Prop_bufg_I_O)         0.029     1.135 r  i_clk_12mhz_IBUF_BUFG_inst/O
                         net (fo=18, routed)          0.863     1.997    divider/i_clk_12mhz_IBUF_BUFG
    SLICE_X38Y9          FDRE                                         r  divider/counter_reg[15]/C
                         clock pessimism             -0.515     1.482    
    SLICE_X38Y9          FDRE (Hold_fdre_C_D)         0.105     1.587    divider/counter_reg[15]
  -------------------------------------------------------------------
                         required time                         -1.587    
                         arrival time                           1.867    
  -------------------------------------------------------------------
                         slack                                  0.281    

Slack (MET) :             0.293ns  (arrival time - required time)
  Source:                 divider/counter_reg[0]/C
                            (rising edge-triggered cell FDRE clocked by sys_clk_pin  {rise@0.000ns fall@41.660ns period=83.330ns})
  Destination:            divider/counter_reg[1]/D
                            (rising edge-triggered cell FDRE clocked by sys_clk_pin  {rise@0.000ns fall@41.660ns period=83.330ns})
  Path Group:             sys_clk_pin
  Path Type:              Hold (Min at Fast Process Corner)
  Requirement:            0.000ns  (sys_clk_pin rise@0.000ns - sys_clk_pin rise@0.000ns)
  Data Path Delay:        0.415ns  (logic 0.288ns (69.403%)  route 0.127ns (30.597%))
  Logic Levels:           1  (CARRY4=1)
  Clock Path Skew:        0.017ns (DCD - SCD - CPR)
    Destination Clock Delay (DCD):    1.998ns
    Source Clock Delay      (SCD):    1.482ns
    Clock Pessimism Removal (CPR):    0.499ns

    Location             Delay type                Incr(ns)  Path(ns)    Netlist Resource(s)
  -------------------------------------------------------------------    -------------------
                         (clock sys_clk_pin rise edge)
                                                      0.000     0.000 r  
    M9                                                0.000     0.000 r  i_clk_12mhz (IN)
                         net (fo=0)                   0.000     0.000    i_clk_12mhz
    M9                   IBUF (Prop_ibuf_I_O)         0.233     0.233 r  i_clk_12mhz_IBUF_inst/O
                         net (fo=1, routed)           0.631     0.864    i_clk_12mhz_IBUF
    BUFGCTRL_X0Y0        BUFG (Prop_bufg_I_O)         0.026     0.890 r  i_clk_12mhz_IBUF_BUFG_inst/O
                         net (fo=18, routed)          0.592     1.482    divider/i_clk_12mhz_IBUF_BUFG
    SLICE_X39Y7          FDRE                                         r  divider/counter_reg[0]/C
  -------------------------------------------------------------------    -------------------
    SLICE_X39Y7          FDRE (Prop_fdre_C_Q)         0.141     1.623 r  divider/counter_reg[0]/Q
                         net (fo=3, routed)           0.127     1.750    divider/counter[0]
    SLICE_X38Y6          CARRY4 (Prop_carry4_CYINIT_O[0])
                                                      0.147     1.897 r  divider/counter_reg[4]_i_1/O[0]
                         net (fo=1, routed)           0.000     1.897    divider/data0[1]
    SLICE_X38Y6          FDRE                                         r  divider/counter_reg[1]/D
  -------------------------------------------------------------------    -------------------

                         (clock sys_clk_pin rise edge)
                                                      0.000     0.000 r  
    M9                                                0.000     0.000 r  i_clk_12mhz (IN)
                         net (fo=0)                   0.000     0.000    i_clk_12mhz
    M9                   IBUF (Prop_ibuf_I_O)         0.421     0.421 r  i_clk_12mhz_IBUF_inst/O
                         net (fo=1, routed)           0.685     1.106    i_clk_12mhz_IBUF
    BUFGCTRL_X0Y0        BUFG (Prop_bufg_I_O)         0.029     1.135 r  i_clk_12mhz_IBUF_BUFG_inst/O
                         net (fo=18, routed)          0.864     1.998    divider/i_clk_12mhz_IBUF_BUFG
    SLICE_X38Y6          FDRE                                         r  divider/counter_reg[1]/C
                         clock pessimism             -0.499     1.499    
    SLICE_X38Y6          FDRE (Hold_fdre_C_D)         0.105     1.604    divider/counter_reg[1]
  -------------------------------------------------------------------
                         required time                         -1.604    
                         arrival time                           1.897    
  -------------------------------------------------------------------
                         slack                                  0.293    

Slack (MET) :             0.313ns  (arrival time - required time)
  Source:                 divider/counter_reg[7]/C
                            (rising edge-triggered cell FDRE clocked by sys_clk_pin  {rise@0.000ns fall@41.660ns period=83.330ns})
  Destination:            divider/counter_reg[8]/D
                            (rising edge-triggered cell FDRE clocked by sys_clk_pin  {rise@0.000ns fall@41.660ns period=83.330ns})
  Path Group:             sys_clk_pin
  Path Type:              Hold (Min at Fast Process Corner)
  Requirement:            0.000ns  (sys_clk_pin rise@0.000ns - sys_clk_pin rise@0.000ns)
  Data Path Delay:        0.418ns  (logic 0.285ns (68.253%)  route 0.133ns (31.747%))
  Logic Levels:           1  (CARRY4=1)
  Clock Path Skew:        0.000ns (DCD - SCD - CPR)
    Destination Clock Delay (DCD):    1.997ns
    Source Clock Delay      (SCD):    1.482ns
    Clock Pessimism Removal (CPR):    0.515ns

    Location             Delay type                Incr(ns)  Path(ns)    Netlist Resource(s)
  -------------------------------------------------------------------    -------------------
                         (clock sys_clk_pin rise edge)
                                                      0.000     0.000 r  
    M9                                                0.000     0.000 r  i_clk_12mhz (IN)
                         net (fo=0)                   0.000     0.000    i_clk_12mhz
    M9                   IBUF (Prop_ibuf_I_O)         0.233     0.233 r  i_clk_12mhz_IBUF_inst/O
                         net (fo=1, routed)           0.631     0.864    i_clk_12mhz_IBUF
    BUFGCTRL_X0Y0        BUFG (Prop_bufg_I_O)         0.026     0.890 r  i_clk_12mhz_IBUF_BUFG_inst/O
                         net (fo=18, routed)          0.592     1.482    divider/i_clk_12mhz_IBUF_BUFG
    SLICE_X38Y7          FDRE                                         r  divider/counter_reg[7]/C
  -------------------------------------------------------------------    -------------------
    SLICE_X38Y7          FDRE (Prop_fdre_C_Q)         0.141     1.623 r  divider/counter_reg[7]/Q
                         net (fo=2, routed)           0.133     1.755    divider/counter[7]
    SLICE_X38Y7          CARRY4 (Prop_carry4_S[2]_O[3])
                                                      0.144     1.899 r  divider/counter_reg[8]_i_1/O[3]
                         net (fo=1, routed)           0.000     1.899    divider/data0[8]
    SLICE_X38Y7          FDRE                                         r  divider/counter_reg[8]/D
  -------------------------------------------------------------------    -------------------

                         (clock sys_clk_pin rise edge)
                                                      0.000     0.000 r  
    M9                                                0.000     0.000 r  i_clk_12mhz (IN)
                         net (fo=0)                   0.000     0.000    i_clk_12mhz
    M9                   IBUF (Prop_ibuf_I_O)         0.421     0.421 r  i_clk_12mhz_IBUF_inst/O
                         net (fo=1, routed)           0.685     1.106    i_clk_12mhz_IBUF
    BUFGCTRL_X0Y0        BUFG (Prop_bufg_I_O)         0.029     1.135 r  i_clk_12mhz_IBUF_BUFG_inst/O
                         net (fo=18, routed)          0.863     1.997    divider/i_clk_12mhz_IBUF_BUFG
    SLICE_X38Y7          FDRE                                         r  divider/counter_reg[8]/C
                         clock pessimism             -0.515     1.482    
    SLICE_X38Y7          FDRE (Hold_fdre_C_D)         0.105     1.587    divider/counter_reg[8]
  -------------------------------------------------------------------
                         required time                         -1.587    
                         arrival time                           1.899    
  -------------------------------------------------------------------
                         slack                                  0.313    

Slack (MET) :             0.313ns  (arrival time - required time)
  Source:                 divider/counter_reg[3]/C
                            (rising edge-triggered cell FDRE clocked by sys_clk_pin  {rise@0.000ns fall@41.660ns period=83.330ns})
  Destination:            divider/counter_reg[4]/D
                            (rising edge-triggered cell FDRE clocked by sys_clk_pin  {rise@0.000ns fall@41.660ns period=83.330ns})
  Path Group:             sys_clk_pin
  Path Type:              Hold (Min at Fast Process Corner)
  Requirement:            0.000ns  (sys_clk_pin rise@0.000ns - sys_clk_pin rise@0.000ns)
  Data Path Delay:        0.418ns  (logic 0.285ns (68.192%)  route 0.133ns (31.808%))
  Logic Levels:           1  (CARRY4=1)
  Clock Path Skew:        0.000ns (DCD - SCD - CPR)
    Destination Clock Delay (DCD):    1.998ns
    Source Clock Delay      (SCD):    1.483ns
    Clock Pessimism Removal (CPR):    0.515ns

    Location             Delay type                Incr(ns)  Path(ns)    Netlist Resource(s)
  -------------------------------------------------------------------    -------------------
                         (clock sys_clk_pin rise edge)
                                                      0.000     0.000 r  
    M9                                                0.000     0.000 r  i_clk_12mhz (IN)
                         net (fo=0)                   0.000     0.000    i_clk_12mhz
    M9                   IBUF (Prop_ibuf_I_O)         0.233     0.233 r  i_clk_12mhz_IBUF_inst/O
                         net (fo=1, routed)           0.631     0.864    i_clk_12mhz_IBUF
    BUFGCTRL_X0Y0        BUFG (Prop_bufg_I_O)         0.026     0.890 r  i_clk_12mhz_IBUF_BUFG_inst/O
                         net (fo=18, routed)          0.593     1.483    divider/i_clk_12mhz_IBUF_BUFG
    SLICE_X38Y6          FDRE                                         r  divider/counter_reg[3]/C
  -------------------------------------------------------------------    -------------------
    SLICE_X38Y6          FDRE (Prop_fdre_C_Q)         0.141     1.624 r  divider/counter_reg[3]/Q
                         net (fo=2, routed)           0.133     1.757    divider/counter[3]
    SLICE_X38Y6          CARRY4 (Prop_carry4_S[2]_O[3])
                                                      0.144     1.901 r  divider/counter_reg[4]_i_1/O[3]
                         net (fo=1, routed)           0.000     1.901    divider/data0[4]
    SLICE_X38Y6          FDRE                                         r  divider/counter_reg[4]/D
  -------------------------------------------------------------------    -------------------

                         (clock sys_clk_pin rise edge)
                                                      0.000     0.000 r  
    M9                                                0.000     0.000 r  i_clk_12mhz (IN)
                         net (fo=0)                   0.000     0.000    i_clk_12mhz
    M9                   IBUF (Prop_ibuf_I_O)         0.421     0.421 r  i_clk_12mhz_IBUF_inst/O
                         net (fo=1, routed)           0.685     1.106    i_clk_12mhz_IBUF
    BUFGCTRL_X0Y0        BUFG (Prop_bufg_I_O)         0.029     1.135 r  i_clk_12mhz_IBUF_BUFG_inst/O
                         net (fo=18, routed)          0.864     1.998    divider/i_clk_12mhz_IBUF_BUFG
    SLICE_X38Y6          FDRE                                         r  divider/counter_reg[4]/C
                         clock pessimism             -0.515     1.483    
    SLICE_X38Y6          FDRE (Hold_fdre_C_D)         0.105     1.588    divider/counter_reg[4]
  -------------------------------------------------------------------
                         required time                         -1.588    
                         arrival time                           1.901    
  -------------------------------------------------------------------
                         slack                                  0.313    

Slack (MET) :             0.313ns  (arrival time - required time)
  Source:                 divider/counter_reg[11]/C
                            (rising edge-triggered cell FDRE clocked by sys_clk_pin  {rise@0.000ns fall@41.660ns period=83.330ns})
  Destination:            divider/counter_reg[12]/D
                            (rising edge-triggered cell FDRE clocked by sys_clk_pin  {rise@0.000ns fall@41.660ns period=83.330ns})
  Path Group:             sys_clk_pin
  Path Type:              Hold (Min at Fast Process Corner)
  Requirement:            0.000ns  (sys_clk_pin rise@0.000ns - sys_clk_pin rise@0.000ns)
  Data Path Delay:        0.418ns  (logic 0.285ns (68.192%)  route 0.133ns (31.808%))
  Logic Levels:           1  (CARRY4=1)
  Clock Path Skew:        0.000ns (DCD - SCD - CPR)
    Destination Clock Delay (DCD):    1.997ns
    Source Clock Delay      (SCD):    1.482ns
    Clock Pessimism Removal (CPR):    0.515ns

    Location             Delay type                Incr(ns)  Path(ns)    Netlist Resource(s)
  -------------------------------------------------------------------    -------------------
                         (clock sys_clk_pin rise edge)
                                                      0.000     0.000 r  
    M9                                                0.000     0.000 r  i_clk_12mhz (IN)
                         net (fo=0)                   0.000     0.000    i_clk_12mhz
    M9                   IBUF (Prop_ibuf_I_O)         0.233     0.233 r  i_clk_12mhz_IBUF_inst/O
                         net (fo=1, routed)           0.631     0.864    i_clk_12mhz_IBUF
    BUFGCTRL_X0Y0        BUFG (Prop_bufg_I_O)         0.026     0.890 r  i_clk_12mhz_IBUF_BUFG_inst/O
                         net (fo=18, routed)          0.592     1.482    divider/i_clk_12mhz_IBUF_BUFG
    SLICE_X38Y8          FDRE                                         r  divider/counter_reg[11]/C
  -------------------------------------------------------------------    -------------------
    SLICE_X38Y8          FDRE (Prop_fdre_C_Q)         0.141     1.623 r  divider/counter_reg[11]/Q
                         net (fo=2, routed)           0.133     1.756    divider/counter[11]
    SLICE_X38Y8          CARRY4 (Prop_carry4_S[2]_O[3])
                                                      0.144     1.900 r  divider/counter_reg[12]_i_1/O[3]
                         net (fo=1, routed)           0.000     1.900    divider/data0[12]
    SLICE_X38Y8          FDRE                                         r  divider/counter_reg[12]/D
  -------------------------------------------------------------------    -------------------

                         (clock sys_clk_pin rise edge)
                                                      0.000     0.000 r  
    M9                                                0.000     0.000 r  i_clk_12mhz (IN)
                         net (fo=0)                   0.000     0.000    i_clk_12mhz
    M9                   IBUF (Prop_ibuf_I_O)         0.421     0.421 r  i_clk_12mhz_IBUF_inst/O
                         net (fo=1, routed)           0.685     1.106    i_clk_12mhz_IBUF
    BUFGCTRL_X0Y0        BUFG (Prop_bufg_I_O)         0.029     1.135 r  i_clk_12mhz_IBUF_BUFG_inst/O
                         net (fo=18, routed)          0.863     1.997    divider/i_clk_12mhz_IBUF_BUFG
    SLICE_X38Y8          FDRE                                         r  divider/counter_reg[12]/C
                         clock pessimism             -0.515     1.482    
    SLICE_X38Y8          FDRE (Hold_fdre_C_D)         0.105     1.587    divider/counter_reg[12]
  -------------------------------------------------------------------
                         required time                         -1.587    
                         arrival time                           1.900    
  -------------------------------------------------------------------
                         slack                                  0.313    

Slack (MET) :             0.314ns  (arrival time - required time)
  Source:                 divider/counter_reg[15]/C
                            (rising edge-triggered cell FDRE clocked by sys_clk_pin  {rise@0.000ns fall@41.660ns period=83.330ns})
  Destination:            divider/counter_reg[16]/D
                            (rising edge-triggered cell FDRE clocked by sys_clk_pin  {rise@0.000ns fall@41.660ns period=83.330ns})
  Path Group:             sys_clk_pin
  Path Type:              Hold (Min at Fast Process Corner)
  Requirement:            0.000ns  (sys_clk_pin rise@0.000ns - sys_clk_pin rise@0.000ns)
  Data Path Delay:        0.419ns  (logic 0.285ns (68.075%)  route 0.134ns (31.925%))
  Logic Levels:           1  (CARRY4=1)
  Clock Path Skew:        0.000ns (DCD - SCD - CPR)
    Destination Clock Delay (DCD):    1.997ns
    Source Clock Delay      (SCD):    1.482ns
    Clock Pessimism Removal (CPR):    0.515ns

    Location             Delay type                Incr(ns)  Path(ns)    Netlist Resource(s)
  -------------------------------------------------------------------    -------------------
                         (clock sys_clk_pin rise edge)
                                                      0.000     0.000 r  
    M9                                                0.000     0.000 r  i_clk_12mhz (IN)
                         net (fo=0)                   0.000     0.000    i_clk_12mhz
    M9                   IBUF (Prop_ibuf_I_O)         0.233     0.233 r  i_clk_12mhz_IBUF_inst/O
                         net (fo=1, routed)           0.631     0.864    i_clk_12mhz_IBUF
    BUFGCTRL_X0Y0        BUFG (Prop_bufg_I_O)         0.026     0.890 r  i_clk_12mhz_IBUF_BUFG_inst/O
                         net (fo=18, routed)          0.592     1.482    divider/i_clk_12mhz_IBUF_BUFG
    SLICE_X38Y9          FDRE                                         r  divider/counter_reg[15]/C
  -------------------------------------------------------------------    -------------------
    SLICE_X38Y9          FDRE (Prop_fdre_C_Q)         0.141     1.623 r  divider/counter_reg[15]/Q
                         net (fo=2, routed)           0.134     1.756    divider/counter[15]
    SLICE_X38Y9          CARRY4 (Prop_carry4_S[2]_O[3])
                                                      0.144     1.900 r  divider/counter_reg[16]_i_2/O[3]
                         net (fo=1, routed)           0.000     1.900    divider/data0[16]
    SLICE_X38Y9          FDRE                                         r  divider/counter_reg[16]/D
  -------------------------------------------------------------------    -------------------

                         (clock sys_clk_pin rise edge)
                                                      0.000     0.000 r  
    M9                                                0.000     0.000 r  i_clk_12mhz (IN)
                         net (fo=0)                   0.000     0.000    i_clk_12mhz
    M9                   IBUF (Prop_ibuf_I_O)         0.421     0.421 r  i_clk_12mhz_IBUF_inst/O
                         net (fo=1, routed)           0.685     1.106    i_clk_12mhz_IBUF
    BUFGCTRL_X0Y0        BUFG (Prop_bufg_I_O)         0.029     1.135 r  i_clk_12mhz_IBUF_BUFG_inst/O
                         net (fo=18, routed)          0.863     1.997    divider/i_clk_12mhz_IBUF_BUFG
    SLICE_X38Y9          FDRE                                         r  divider/counter_reg[16]/C
                         clock pessimism             -0.515     1.482    
    SLICE_X38Y9          FDRE (Hold_fdre_C_D)         0.105     1.587    divider/counter_reg[16]
  -------------------------------------------------------------------
                         required time                         -1.587    
                         arrival time                           1.900    
  -------------------------------------------------------------------
                         slack                                  0.314    





Pulse Width Checks
--------------------------------------------------------------------------------------
Clock Name:         sys_clk_pin
Waveform(ns):       { 0.000 41.660 }
Period(ns):         83.330
Sources:            { i_clk_12mhz }

Check Type        Corner  Lib Pin  Reference Pin  Required(ns)  Actual(ns)  Slack(ns)  Location       Pin
Min Period        n/a     BUFG/I   n/a            2.155         83.330      81.175     BUFGCTRL_X0Y0  i_clk_12mhz_IBUF_BUFG_inst/I
Min Period        n/a     FDRE/C   n/a            1.000         83.330      82.330     SLICE_X39Y7    divider/counter_reg[0]/C
Min Period        n/a     FDRE/C   n/a            1.000         83.330      82.330     SLICE_X38Y8    divider/counter_reg[10]/C
Min Period        n/a     FDRE/C   n/a            1.000         83.330      82.330     SLICE_X38Y8    divider/counter_reg[11]/C
Min Period        n/a     FDRE/C   n/a            1.000         83.330      82.330     SLICE_X38Y8    divider/counter_reg[12]/C
Min Period        n/a     FDRE/C   n/a            1.000         83.330      82.330     SLICE_X38Y9    divider/counter_reg[13]/C
Min Period        n/a     FDRE/C   n/a            1.000         83.330      82.330     SLICE_X38Y9    divider/counter_reg[14]/C
Min Period        n/a     FDRE/C   n/a            1.000         83.330      82.330     SLICE_X38Y9    divider/counter_reg[15]/C
Min Period        n/a     FDRE/C   n/a            1.000         83.330      82.330     SLICE_X38Y9    divider/counter_reg[16]/C
Min Period        n/a     FDRE/C   n/a            1.000         83.330      82.330     SLICE_X38Y6    divider/counter_reg[1]/C
Low Pulse Width   Slow    FDRE/C   n/a            0.500         41.670      41.170     SLICE_X38Y6    divider/counter_reg[1]/C
Low Pulse Width   Slow    FDRE/C   n/a            0.500         41.670      41.170     SLICE_X38Y6    divider/counter_reg[2]/C
Low Pulse Width   Slow    FDRE/C   n/a            0.500         41.670      41.170     SLICE_X38Y6    divider/counter_reg[3]/C
Low Pulse Width   Slow    FDRE/C   n/a            0.500         41.670      41.170     SLICE_X38Y6    divider/counter_reg[4]/C
Low Pulse Width   Fast    FDRE/C   n/a            0.500         41.670      41.170     SLICE_X39Y7    divider/counter_reg[0]/C
Low Pulse Width   Fast    FDRE/C   n/a            0.500         41.670      41.170     SLICE_X38Y8    divider/counter_reg[10]/C
Low Pulse Width   Fast    FDRE/C   n/a            0.500         41.670      41.170     SLICE_X38Y8    divider/counter_reg[11]/C
Low Pulse Width   Fast    FDRE/C   n/a            0.500         41.670      41.170     SLICE_X38Y8    divider/counter_reg[12]/C
Low Pulse Width   Slow    FDRE/C   n/a            0.500         41.670      41.170     SLICE_X38Y9    divider/counter_reg[13]/C
Low Pulse Width   Fast    FDRE/C   n/a            0.500         41.670      41.170     SLICE_X38Y9    divider/counter_reg[13]/C
High Pulse Width  Slow    FDRE/C   n/a            0.500         41.660      41.160     SLICE_X39Y7    divider/counter_reg[0]/C
High Pulse Width  Fast    FDRE/C   n/a            0.500         41.660      41.160     SLICE_X39Y7    divider/counter_reg[0]/C
High Pulse Width  Slow    FDRE/C   n/a            0.500         41.660      41.160     SLICE_X38Y8    divider/counter_reg[10]/C
High Pulse Width  Fast    FDRE/C   n/a            0.500         41.660      41.160     SLICE_X38Y8    divider/counter_reg[10]/C
High Pulse Width  Slow    FDRE/C   n/a            0.500         41.660      41.160     SLICE_X38Y8    divider/counter_reg[11]/C
High Pulse Width  Fast    FDRE/C   n/a            0.500         41.660      41.160     SLICE_X38Y8    divider/counter_reg[11]/C
High Pulse Width  Slow    FDRE/C   n/a            0.500         41.660      41.160     SLICE_X38Y8    divider/counter_reg[12]/C
High Pulse Width  Fast    FDRE/C   n/a            0.500         41.660      41.160     SLICE_X38Y8    divider/counter_reg[12]/C
High Pulse Width  Slow    FDRE/C   n/a            0.500         41.660      41.160     SLICE_X38Y9    divider/counter_reg[13]/C
High Pulse Width  Fast    FDRE/C   n/a            0.500         41.660      41.160     SLICE_X38Y9    divider/counter_reg[13]/C



