#-----------------------------------------------------------
# Vivado v2019.2 (64-bit)
# SW Build 2708876 on Wed Nov  6 21:39:14 MST 2019
# IP Build 2700528 on Thu Nov  7 00:09:20 MST 2019
# Start of session at: Thu Nov 12 22:29:16 2020
# Process ID: 27536
# Current directory: /home/lukas/01_Studium/02_DigiSys_CAE/Projektaufgabe/signal_generator_vivado
# Command line: vivado
# Log file: /home/lukas/01_Studium/02_DigiSys_CAE/Projektaufgabe/signal_generator_vivado/vivado.log
# Journal file: /home/lukas/01_Studium/02_DigiSys_CAE/Projektaufgabe/signal_generator_vivado/vivado.jou
#-----------------------------------------------------------
start_gui
open_project /home/lukas/01_Studium/02_DigiSys_CAE/Projektaufgabe/signal_generator_vivado/signal_generator_vivado.xpr
WARNING: [Board 49-91] Board repository path '/home/lukas/.Xilinx/Vivado/2019.2/xhub/board_store' does not exist, it will not be used to search board files.
Scanning sources...
Finished scanning sources
WARNING: [filemgmt 56-3] Board Part Repository Path: Could not find the directory '/home/lukas/.Xilinx/Vivado/2019.2/xhub/board_store'.
INFO: [IP_Flow 19-234] Refreshing IP repositories
INFO: [IP_Flow 19-1704] No user IP repositories specified
INFO: [IP_Flow 19-2313] Loaded Vivado IP repository '/tools/Xilinx/Vivado/2019.2/data/ip'.
open_project: Time (s): cpu = 00:00:21 ; elapsed = 00:00:11 . Memory (MB): peak = 6469.320 ; gain = 87.285 ; free physical = 193 ; free virtual = 7192
update_compile_order -fileset sources_1
WARNING: [IP_Flow 19-4067] Ignoring invalid widget type specified checkbox.Providing a default widget
WARNING: [IP_Flow 19-4067] Ignoring invalid widget type specified checkbox.Providing a default widget
INFO: [IP_Flow 19-3484] Absolute path of file '/home/lukas/01_Studium/02_DigiSys_CAE/Projektaufgabe/matlab/snare.coe' provided. It will be converted relative to IP Instance files '../../../../../matlab/snare.coe'
INFO: [IP_Flow 19-3484] Absolute path of file '/home/lukas/01_Studium/02_DigiSys_CAE/Projektaufgabe/matlab/snare.coe' provided. It will be converted relative to IP Instance files '../../../../../matlab/snare.coe'
exit
INFO: [Common 17-206] Exiting Vivado at Thu Nov 12 23:04:42 2020...
