
*** Running vivado
    with args -log btn_tim_1.vds -m64 -product Vivado -mode batch -messageDb vivado.pb -notrace -source btn_tim_1.tcl


****** Vivado v2019.2 (64-bit)
  **** SW Build 2708876 on Wed Nov  6 21:39:14 MST 2019
  **** IP Build 2700528 on Thu Nov  7 00:09:20 MST 2019
    ** Copyright 1986-2019 Xilinx, Inc. All Rights Reserved.

source btn_tim_1.tcl -notrace
Command: synth_design -top btn_tim_1 -part xc7s25csga225-1 -mode out_of_context
Starting synth_design
Attempting to get a license for feature 'Synthesis' and/or device 'xc7s25'
INFO: [Common 17-349] Got license for feature 'Synthesis' and/or device 'xc7s25'
INFO: [Device 21-403] Loading part xc7s25csga225-1
INFO: Launching helper process for spawning children vivado processes
INFO: Helper process launched with PID 63457 
---------------------------------------------------------------------------------
Starting RTL Elaboration : Time (s): cpu = 00:00:06 ; elapsed = 00:00:09 . Memory (MB): peak = 1790.383 ; gain = 201.719 ; free physical = 2629 ; free virtual = 7744
---------------------------------------------------------------------------------
INFO: [Synth 8-638] synthesizing module 'btn_tim_1' [/home/lukas/01_Studium/02_DigiSys_CAE/Projektaufgabe/signal_generator_vivado/signal_generator_vivado.srcs/sources_1/ip/btn_tim_1/synth/btn_tim_1.vhd:69]
	Parameter C_IMPLEMENTATION bound to: 0 - type: integer 
	Parameter C_VERBOSITY bound to: 0 - type: integer 
	Parameter C_XDEVICEFAMILY bound to: spartan7 - type: string 
	Parameter C_WIDTH bound to: 25 - type: integer 
	Parameter C_HAS_CE bound to: 1 - type: integer 
	Parameter C_HAS_SCLR bound to: 1 - type: integer 
	Parameter C_RESTRICT_COUNT bound to: 0 - type: integer 
	Parameter C_COUNT_TO bound to: 1 - type: string 
	Parameter C_COUNT_BY bound to: 1 - type: string 
	Parameter C_COUNT_MODE bound to: 0 - type: integer 
	Parameter C_THRESH0_VALUE bound to: 1011011100011011000000000 - type: string 
	Parameter C_CE_OVERRIDES_SYNC bound to: 0 - type: integer 
	Parameter C_HAS_THRESH0 bound to: 1 - type: integer 
	Parameter C_HAS_LOAD bound to: 0 - type: integer 
	Parameter C_LOAD_LOW bound to: 0 - type: integer 
	Parameter C_LATENCY bound to: 1 - type: integer 
	Parameter C_FB_LATENCY bound to: 0 - type: integer 
	Parameter C_AINIT_VAL bound to: 0 - type: string 
	Parameter C_SINIT_VAL bound to: 0 - type: string 
	Parameter C_SCLR_OVERRIDES_SSET bound to: 1 - type: integer 
	Parameter C_HAS_SSET bound to: 0 - type: integer 
	Parameter C_HAS_SINIT bound to: 0 - type: integer 
INFO: [Synth 8-3491] module 'c_counter_binary_v12_0_14' declared at '/home/lukas/01_Studium/02_DigiSys_CAE/Projektaufgabe/signal_generator_vivado/signal_generator_vivado.srcs/sources_1/ip/btn_tim_1/hdl/c_counter_binary_v12_0_vh_rfs.vhd:2146' bound to instance 'U0' of component 'c_counter_binary_v12_0_14' [/home/lukas/01_Studium/02_DigiSys_CAE/Projektaufgabe/signal_generator_vivado/signal_generator_vivado.srcs/sources_1/ip/btn_tim_1/synth/btn_tim_1.vhd:130]
INFO: [Synth 8-256] done synthesizing module 'btn_tim_1' (8#1) [/home/lukas/01_Studium/02_DigiSys_CAE/Projektaufgabe/signal_generator_vivado/signal_generator_vivado.srcs/sources_1/ip/btn_tim_1/synth/btn_tim_1.vhd:69]
WARNING: [Synth 8-3331] design c_reg_fd_v12_0_6_viv has unconnected port AINIT
WARNING: [Synth 8-3331] design c_reg_fd_v12_0_6_viv has unconnected port ACLR
WARNING: [Synth 8-3331] design c_reg_fd_v12_0_6_viv has unconnected port ASET
WARNING: [Synth 8-3331] design c_reg_fd_v12_0_6_viv has unconnected port SINIT
WARNING: [Synth 8-3331] design c_reg_fd_v12_0_6_viv has unconnected port SSET
WARNING: [Synth 8-3331] design c_addsub_v12_0_14_lut6_legacy has unconnected port b[24]
WARNING: [Synth 8-3331] design c_addsub_v12_0_14_lut6_legacy has unconnected port b[23]
WARNING: [Synth 8-3331] design c_addsub_v12_0_14_lut6_legacy has unconnected port b[22]
WARNING: [Synth 8-3331] design c_addsub_v12_0_14_lut6_legacy has unconnected port b[21]
WARNING: [Synth 8-3331] design c_addsub_v12_0_14_lut6_legacy has unconnected port b[20]
WARNING: [Synth 8-3331] design c_addsub_v12_0_14_lut6_legacy has unconnected port b[19]
WARNING: [Synth 8-3331] design c_addsub_v12_0_14_lut6_legacy has unconnected port b[18]
WARNING: [Synth 8-3331] design c_addsub_v12_0_14_lut6_legacy has unconnected port b[17]
WARNING: [Synth 8-3331] design c_addsub_v12_0_14_lut6_legacy has unconnected port b[16]
WARNING: [Synth 8-3331] design c_addsub_v12_0_14_lut6_legacy has unconnected port b[15]
WARNING: [Synth 8-3331] design c_addsub_v12_0_14_lut6_legacy has unconnected port b[14]
WARNING: [Synth 8-3331] design c_addsub_v12_0_14_lut6_legacy has unconnected port b[13]
WARNING: [Synth 8-3331] design c_addsub_v12_0_14_lut6_legacy has unconnected port b[12]
WARNING: [Synth 8-3331] design c_addsub_v12_0_14_lut6_legacy has unconnected port b[11]
WARNING: [Synth 8-3331] design c_addsub_v12_0_14_lut6_legacy has unconnected port b[10]
WARNING: [Synth 8-3331] design c_addsub_v12_0_14_lut6_legacy has unconnected port b[9]
WARNING: [Synth 8-3331] design c_addsub_v12_0_14_lut6_legacy has unconnected port b[8]
WARNING: [Synth 8-3331] design c_addsub_v12_0_14_lut6_legacy has unconnected port b[7]
WARNING: [Synth 8-3331] design c_addsub_v12_0_14_lut6_legacy has unconnected port b[6]
WARNING: [Synth 8-3331] design c_addsub_v12_0_14_lut6_legacy has unconnected port b[5]
WARNING: [Synth 8-3331] design c_addsub_v12_0_14_lut6_legacy has unconnected port b[4]
WARNING: [Synth 8-3331] design c_addsub_v12_0_14_lut6_legacy has unconnected port b[3]
WARNING: [Synth 8-3331] design c_addsub_v12_0_14_lut6_legacy has unconnected port b[2]
WARNING: [Synth 8-3331] design c_addsub_v12_0_14_lut6_legacy has unconnected port b[1]
WARNING: [Synth 8-3331] design c_addsub_v12_0_14_lut6_legacy has unconnected port b[0]
WARNING: [Synth 8-3331] design c_addsub_v12_0_14_lut6_legacy has unconnected port add
WARNING: [Synth 8-3331] design c_addsub_v12_0_14_lut6_legacy has unconnected port c_in
WARNING: [Synth 8-3331] design c_addsub_v12_0_14_lut6_legacy has unconnected port bypass
WARNING: [Synth 8-3331] design c_addsub_v12_0_14_lut6_legacy has unconnected port sset
WARNING: [Synth 8-3331] design c_addsub_v12_0_14_lut6_legacy has unconnected port sinit
WARNING: [Synth 8-3331] design c_addsub_v12_0_14_legacy has unconnected port c_in
WARNING: [Synth 8-3331] design c_addsub_v12_0_14_legacy has unconnected port b_in
WARNING: [Synth 8-3331] design c_addsub_v12_0_14_legacy has unconnected port a_signed
WARNING: [Synth 8-3331] design c_addsub_v12_0_14_legacy has unconnected port b_signed
WARNING: [Synth 8-3331] design c_counter_binary_v12_0_14_legacy has unconnected port up
WARNING: [Synth 8-3331] design c_counter_binary_v12_0_14_legacy has unconnected port load
WARNING: [Synth 8-3331] design c_counter_binary_v12_0_14_legacy has unconnected port l[24]
WARNING: [Synth 8-3331] design c_counter_binary_v12_0_14_legacy has unconnected port l[23]
WARNING: [Synth 8-3331] design c_counter_binary_v12_0_14_legacy has unconnected port l[22]
WARNING: [Synth 8-3331] design c_counter_binary_v12_0_14_legacy has unconnected port l[21]
WARNING: [Synth 8-3331] design c_counter_binary_v12_0_14_legacy has unconnected port l[20]
WARNING: [Synth 8-3331] design c_counter_binary_v12_0_14_legacy has unconnected port l[19]
WARNING: [Synth 8-3331] design c_counter_binary_v12_0_14_legacy has unconnected port l[18]
WARNING: [Synth 8-3331] design c_counter_binary_v12_0_14_legacy has unconnected port l[17]
WARNING: [Synth 8-3331] design c_counter_binary_v12_0_14_legacy has unconnected port l[16]
WARNING: [Synth 8-3331] design c_counter_binary_v12_0_14_legacy has unconnected port l[15]
WARNING: [Synth 8-3331] design c_counter_binary_v12_0_14_legacy has unconnected port l[14]
WARNING: [Synth 8-3331] design c_counter_binary_v12_0_14_legacy has unconnected port l[13]
WARNING: [Synth 8-3331] design c_counter_binary_v12_0_14_legacy has unconnected port l[12]
WARNING: [Synth 8-3331] design c_counter_binary_v12_0_14_legacy has unconnected port l[11]
WARNING: [Synth 8-3331] design c_counter_binary_v12_0_14_legacy has unconnected port l[10]
WARNING: [Synth 8-3331] design c_counter_binary_v12_0_14_legacy has unconnected port l[9]
WARNING: [Synth 8-3331] design c_counter_binary_v12_0_14_legacy has unconnected port l[8]
WARNING: [Synth 8-3331] design c_counter_binary_v12_0_14_legacy has unconnected port l[7]
WARNING: [Synth 8-3331] design c_counter_binary_v12_0_14_legacy has unconnected port l[6]
WARNING: [Synth 8-3331] design c_counter_binary_v12_0_14_legacy has unconnected port l[5]
WARNING: [Synth 8-3331] design c_counter_binary_v12_0_14_legacy has unconnected port l[4]
WARNING: [Synth 8-3331] design c_counter_binary_v12_0_14_legacy has unconnected port l[3]
WARNING: [Synth 8-3331] design c_counter_binary_v12_0_14_legacy has unconnected port l[2]
WARNING: [Synth 8-3331] design c_counter_binary_v12_0_14_legacy has unconnected port l[1]
WARNING: [Synth 8-3331] design c_counter_binary_v12_0_14_legacy has unconnected port l[0]
WARNING: [Synth 8-3331] design c_counter_binary_v12_0_14_legacy has unconnected port iv[24]
WARNING: [Synth 8-3331] design c_counter_binary_v12_0_14_legacy has unconnected port iv[23]
WARNING: [Synth 8-3331] design c_counter_binary_v12_0_14_legacy has unconnected port iv[22]
WARNING: [Synth 8-3331] design c_counter_binary_v12_0_14_legacy has unconnected port iv[21]
WARNING: [Synth 8-3331] design c_counter_binary_v12_0_14_legacy has unconnected port iv[20]
WARNING: [Synth 8-3331] design c_counter_binary_v12_0_14_legacy has unconnected port iv[19]
WARNING: [Synth 8-3331] design c_counter_binary_v12_0_14_legacy has unconnected port iv[18]
WARNING: [Synth 8-3331] design c_counter_binary_v12_0_14_legacy has unconnected port iv[17]
WARNING: [Synth 8-3331] design c_counter_binary_v12_0_14_legacy has unconnected port iv[16]
WARNING: [Synth 8-3331] design c_counter_binary_v12_0_14_legacy has unconnected port iv[15]
WARNING: [Synth 8-3331] design c_counter_binary_v12_0_14_legacy has unconnected port iv[14]
WARNING: [Synth 8-3331] design c_counter_binary_v12_0_14_legacy has unconnected port iv[13]
WARNING: [Synth 8-3331] design c_counter_binary_v12_0_14_legacy has unconnected port iv[12]
WARNING: [Synth 8-3331] design c_counter_binary_v12_0_14_legacy has unconnected port iv[11]
WARNING: [Synth 8-3331] design c_counter_binary_v12_0_14_legacy has unconnected port iv[10]
WARNING: [Synth 8-3331] design c_counter_binary_v12_0_14_legacy has unconnected port iv[9]
WARNING: [Synth 8-3331] design c_counter_binary_v12_0_14_legacy has unconnected port iv[8]
WARNING: [Synth 8-3331] design c_counter_binary_v12_0_14_legacy has unconnected port iv[7]
WARNING: [Synth 8-3331] design c_counter_binary_v12_0_14_legacy has unconnected port iv[6]
WARNING: [Synth 8-3331] design c_counter_binary_v12_0_14_legacy has unconnected port iv[5]
WARNING: [Synth 8-3331] design c_counter_binary_v12_0_14_legacy has unconnected port iv[4]
WARNING: [Synth 8-3331] design c_counter_binary_v12_0_14_legacy has unconnected port iv[3]
WARNING: [Synth 8-3331] design c_counter_binary_v12_0_14_legacy has unconnected port iv[2]
WARNING: [Synth 8-3331] design c_counter_binary_v12_0_14_legacy has unconnected port iv[1]
WARNING: [Synth 8-3331] design c_counter_binary_v12_0_14_legacy has unconnected port iv[0]
WARNING: [Synth 8-3331] design c_counter_binary_v12_0_14_legacy has unconnected port sset
WARNING: [Synth 8-3331] design c_counter_binary_v12_0_14_legacy has unconnected port sinit
---------------------------------------------------------------------------------
Finished RTL Elaboration : Time (s): cpu = 00:00:08 ; elapsed = 00:00:12 . Memory (MB): peak = 1867.102 ; gain = 278.438 ; free physical = 2660 ; free virtual = 7775
---------------------------------------------------------------------------------

Report Check Netlist: 
+------+------------------+-------+---------+-------+------------------+
|      |Item              |Errors |Warnings |Status |Description       |
+------+------------------+-------+---------+-------+------------------+
|1     |multi_driven_nets |      0|        0|Passed |Multi driven nets |
+------+------------------+-------+---------+-------+------------------+
---------------------------------------------------------------------------------
Start Handling Custom Attributes
---------------------------------------------------------------------------------
---------------------------------------------------------------------------------
Finished Handling Custom Attributes : Time (s): cpu = 00:00:09 ; elapsed = 00:00:13 . Memory (MB): peak = 1867.102 ; gain = 278.438 ; free physical = 2656 ; free virtual = 7772
---------------------------------------------------------------------------------
---------------------------------------------------------------------------------
Finished RTL Optimization Phase 1 : Time (s): cpu = 00:00:09 ; elapsed = 00:00:13 . Memory (MB): peak = 1867.102 ; gain = 278.438 ; free physical = 2656 ; free virtual = 7772
---------------------------------------------------------------------------------
Netlist sorting complete. Time (s): cpu = 00:00:00.01 ; elapsed = 00:00:00 . Memory (MB): peak = 1875.039 ; gain = 0.000 ; free physical = 2648 ; free virtual = 7764
INFO: [Netlist 29-17] Analyzing 49 Unisim elements for replacement
INFO: [Netlist 29-28] Unisim Transformation completed in 0 CPU seconds
INFO: [Project 1-570] Preparing netlist for logic optimization

Processing XDC Constraints
Initializing timing engine
Parsing XDC File [/home/lukas/01_Studium/02_DigiSys_CAE/Projektaufgabe/signal_generator_vivado/signal_generator_vivado.srcs/sources_1/ip/btn_tim_1/btn_tim_1_ooc.xdc] for cell 'U0'
Finished Parsing XDC File [/home/lukas/01_Studium/02_DigiSys_CAE/Projektaufgabe/signal_generator_vivado/signal_generator_vivado.srcs/sources_1/ip/btn_tim_1/btn_tim_1_ooc.xdc] for cell 'U0'
Parsing XDC File [/home/lukas/01_Studium/02_DigiSys_CAE/Projektaufgabe/signal_generator_vivado/signal_generator_vivado.runs/btn_tim_1_synth_1/dont_touch.xdc]
Finished Parsing XDC File [/home/lukas/01_Studium/02_DigiSys_CAE/Projektaufgabe/signal_generator_vivado/signal_generator_vivado.runs/btn_tim_1_synth_1/dont_touch.xdc]
Completed Processing XDC Constraints

Netlist sorting complete. Time (s): cpu = 00:00:00 ; elapsed = 00:00:00 . Memory (MB): peak = 1975.867 ; gain = 0.000 ; free physical = 2577 ; free virtual = 7694
INFO: [Project 1-111] Unisim Transformation Summary:
No Unisim elements were transformed.

Constraint Validation Runtime : Time (s): cpu = 00:00:00.02 ; elapsed = 00:00:00.03 . Memory (MB): peak = 1975.867 ; gain = 0.000 ; free physical = 2577 ; free virtual = 7693
---------------------------------------------------------------------------------
Finished Constraint Validation : Time (s): cpu = 00:00:15 ; elapsed = 00:00:21 . Memory (MB): peak = 1975.867 ; gain = 387.203 ; free physical = 2623 ; free virtual = 7755
---------------------------------------------------------------------------------
---------------------------------------------------------------------------------
Start Loading Part and Timing Information
---------------------------------------------------------------------------------
Loading part: xc7s25csga225-1
---------------------------------------------------------------------------------
Finished Loading Part and Timing Information : Time (s): cpu = 00:00:15 ; elapsed = 00:00:21 . Memory (MB): peak = 1975.867 ; gain = 387.203 ; free physical = 2623 ; free virtual = 7755
---------------------------------------------------------------------------------
---------------------------------------------------------------------------------
Start Applying 'set_property' XDC Constraints
---------------------------------------------------------------------------------
Applied set_property DONT_TOUCH = true for U0. (constraint file  /home/lukas/01_Studium/02_DigiSys_CAE/Projektaufgabe/signal_generator_vivado/signal_generator_vivado.runs/btn_tim_1_synth_1/dont_touch.xdc, line 9).
---------------------------------------------------------------------------------
Finished applying 'set_property' XDC Constraints : Time (s): cpu = 00:00:15 ; elapsed = 00:00:21 . Memory (MB): peak = 1975.867 ; gain = 387.203 ; free physical = 2630 ; free virtual = 7755
---------------------------------------------------------------------------------
---------------------------------------------------------------------------------
Finished RTL Optimization Phase 2 : Time (s): cpu = 00:00:15 ; elapsed = 00:00:21 . Memory (MB): peak = 1975.867 ; gain = 387.203 ; free physical = 2621 ; free virtual = 7747
---------------------------------------------------------------------------------

Report RTL Partitions: 
+-+--------------+------------+----------+
| |RTL Partition |Replication |Instances |
+-+--------------+------------+----------+
+-+--------------+------------+----------+
---------------------------------------------------------------------------------
Start RTL Component Statistics 
---------------------------------------------------------------------------------
---------------------------------------------------------------------------------
Finished RTL Component Statistics 
---------------------------------------------------------------------------------
---------------------------------------------------------------------------------
Start RTL Hierarchical Component Statistics 
---------------------------------------------------------------------------------
---------------------------------------------------------------------------------
Finished RTL Hierarchical Component Statistics
---------------------------------------------------------------------------------
---------------------------------------------------------------------------------
Start Part Resource Summary
---------------------------------------------------------------------------------
Part Resources:
DSPs: 80 (col length:40)
BRAMs: 90 (col length: RAMB18 40 RAMB36 20)
---------------------------------------------------------------------------------
Finished Part Resource Summary
---------------------------------------------------------------------------------
---------------------------------------------------------------------------------
Start Cross Boundary and Area Optimization
---------------------------------------------------------------------------------
Warning: Parallel synthesis criteria is not met 
WARNING: [Synth 8-3331] design c_counter_binary_v12_0_14_viv has unconnected port SSET
WARNING: [Synth 8-3331] design c_counter_binary_v12_0_14_viv has unconnected port SINIT
WARNING: [Synth 8-3331] design c_counter_binary_v12_0_14_viv has unconnected port UP
WARNING: [Synth 8-3331] design c_counter_binary_v12_0_14_viv has unconnected port LOAD
WARNING: [Synth 8-3331] design c_counter_binary_v12_0_14_viv has unconnected port L[24]
WARNING: [Synth 8-3331] design c_counter_binary_v12_0_14_viv has unconnected port L[23]
WARNING: [Synth 8-3331] design c_counter_binary_v12_0_14_viv has unconnected port L[22]
INFO: [Common 17-14] Message 'Synth 8-3331' appears 100 times and further instances of the messages will be disabled. Use the Tcl command set_msg_config to change the current settings.
---------------------------------------------------------------------------------
Finished Cross Boundary and Area Optimization : Time (s): cpu = 00:00:16 ; elapsed = 00:00:22 . Memory (MB): peak = 1975.867 ; gain = 387.203 ; free physical = 2602 ; free virtual = 7733
---------------------------------------------------------------------------------

Report RTL Partitions: 
+-+--------------+------------+----------+
| |RTL Partition |Replication |Instances |
+-+--------------+------------+----------+
+-+--------------+------------+----------+
---------------------------------------------------------------------------------
Start Applying XDC Timing Constraints
---------------------------------------------------------------------------------
---------------------------------------------------------------------------------
Finished Applying XDC Timing Constraints : Time (s): cpu = 00:00:24 ; elapsed = 00:00:31 . Memory (MB): peak = 1975.867 ; gain = 387.203 ; free physical = 2488 ; free virtual = 7631
---------------------------------------------------------------------------------
---------------------------------------------------------------------------------
Start Timing Optimization
---------------------------------------------------------------------------------
---------------------------------------------------------------------------------
Finished Timing Optimization : Time (s): cpu = 00:00:24 ; elapsed = 00:00:31 . Memory (MB): peak = 1975.867 ; gain = 387.203 ; free physical = 2488 ; free virtual = 7631
---------------------------------------------------------------------------------

Report RTL Partitions: 
+-+--------------+------------+----------+
| |RTL Partition |Replication |Instances |
+-+--------------+------------+----------+
+-+--------------+------------+----------+
---------------------------------------------------------------------------------
Start Technology Mapping
---------------------------------------------------------------------------------
---------------------------------------------------------------------------------
Finished Technology Mapping : Time (s): cpu = 00:00:24 ; elapsed = 00:00:31 . Memory (MB): peak = 1975.867 ; gain = 387.203 ; free physical = 2487 ; free virtual = 7630
---------------------------------------------------------------------------------

Report RTL Partitions: 
+-+--------------+------------+----------+
| |RTL Partition |Replication |Instances |
+-+--------------+------------+----------+
+-+--------------+------------+----------+
---------------------------------------------------------------------------------
Start IO Insertion
---------------------------------------------------------------------------------
---------------------------------------------------------------------------------
Start Flattening Before IO Insertion
---------------------------------------------------------------------------------
---------------------------------------------------------------------------------
Finished Flattening Before IO Insertion
---------------------------------------------------------------------------------
---------------------------------------------------------------------------------
Start Final Netlist Cleanup
---------------------------------------------------------------------------------
---------------------------------------------------------------------------------
Finished Final Netlist Cleanup
---------------------------------------------------------------------------------
---------------------------------------------------------------------------------
Finished IO Insertion : Time (s): cpu = 00:00:28 ; elapsed = 00:00:35 . Memory (MB): peak = 1975.867 ; gain = 387.203 ; free physical = 2479 ; free virtual = 7619
---------------------------------------------------------------------------------
---------------------------------------------------------------------------------
Start Renaming Generated Instances
---------------------------------------------------------------------------------
---------------------------------------------------------------------------------
Finished Renaming Generated Instances : Time (s): cpu = 00:00:28 ; elapsed = 00:00:35 . Memory (MB): peak = 1975.867 ; gain = 387.203 ; free physical = 2479 ; free virtual = 7619
---------------------------------------------------------------------------------

Report RTL Partitions: 
+-+--------------+------------+----------+
| |RTL Partition |Replication |Instances |
+-+--------------+------------+----------+
+-+--------------+------------+----------+

Report Check Netlist: 
+------+------------------+-------+---------+-------+------------------+
|      |Item              |Errors |Warnings |Status |Description       |
+------+------------------+-------+---------+-------+------------------+
|1     |multi_driven_nets |      0|        0|Passed |Multi driven nets |
+------+------------------+-------+---------+-------+------------------+
---------------------------------------------------------------------------------
Start Rebuilding User Hierarchy
---------------------------------------------------------------------------------
---------------------------------------------------------------------------------
Finished Rebuilding User Hierarchy : Time (s): cpu = 00:00:28 ; elapsed = 00:00:35 . Memory (MB): peak = 1975.867 ; gain = 387.203 ; free physical = 2479 ; free virtual = 7619
---------------------------------------------------------------------------------
---------------------------------------------------------------------------------
Start Renaming Generated Ports
---------------------------------------------------------------------------------
---------------------------------------------------------------------------------
Finished Renaming Generated Ports : Time (s): cpu = 00:00:28 ; elapsed = 00:00:35 . Memory (MB): peak = 1975.867 ; gain = 387.203 ; free physical = 2479 ; free virtual = 7619
---------------------------------------------------------------------------------
---------------------------------------------------------------------------------
Start Handling Custom Attributes
---------------------------------------------------------------------------------
---------------------------------------------------------------------------------
Finished Handling Custom Attributes : Time (s): cpu = 00:00:28 ; elapsed = 00:00:35 . Memory (MB): peak = 1975.867 ; gain = 387.203 ; free physical = 2479 ; free virtual = 7619
---------------------------------------------------------------------------------
---------------------------------------------------------------------------------
Start Renaming Generated Nets
---------------------------------------------------------------------------------
---------------------------------------------------------------------------------
Finished Renaming Generated Nets : Time (s): cpu = 00:00:28 ; elapsed = 00:00:35 . Memory (MB): peak = 1975.867 ; gain = 387.203 ; free physical = 2479 ; free virtual = 7619
---------------------------------------------------------------------------------
---------------------------------------------------------------------------------
Start Writing Synthesis Report
---------------------------------------------------------------------------------

Report BlackBoxes: 
+-+--------------+----------+
| |BlackBox name |Instances |
+-+--------------+----------+
+-+--------------+----------+

Report Cell Usage: 
+------+------+------+
|      |Cell  |Count |
+------+------+------+
|1     |LUT1  |     1|
|2     |LUT5  |     1|
|3     |LUT6  |     4|
|4     |MUXCY |    24|
|5     |XORCY |    25|
|6     |FDRE  |    26|
+------+------+------+
---------------------------------------------------------------------------------
Finished Writing Synthesis Report : Time (s): cpu = 00:00:28 ; elapsed = 00:00:35 . Memory (MB): peak = 1975.867 ; gain = 387.203 ; free physical = 2479 ; free virtual = 7619
---------------------------------------------------------------------------------
Synthesis finished with 0 errors, 0 critical warnings and 29 warnings.
Synthesis Optimization Runtime : Time (s): cpu = 00:00:26 ; elapsed = 00:00:33 . Memory (MB): peak = 1975.867 ; gain = 278.438 ; free physical = 2533 ; free virtual = 7673
Synthesis Optimization Complete : Time (s): cpu = 00:00:28 ; elapsed = 00:00:35 . Memory (MB): peak = 1975.875 ; gain = 387.203 ; free physical = 2533 ; free virtual = 7673
INFO: [Project 1-571] Translating synthesized netlist
Netlist sorting complete. Time (s): cpu = 00:00:00.01 ; elapsed = 00:00:00 . Memory (MB): peak = 1975.875 ; gain = 0.000 ; free physical = 2527 ; free virtual = 7667
INFO: [Netlist 29-17] Analyzing 49 Unisim elements for replacement
INFO: [Netlist 29-28] Unisim Transformation completed in 0 CPU seconds
INFO: [Project 1-570] Preparing netlist for logic optimization
INFO: [Opt 31-138] Pushed 0 inverter(s) to 0 load pin(s).
Netlist sorting complete. Time (s): cpu = 00:00:00 ; elapsed = 00:00:00 . Memory (MB): peak = 1975.875 ; gain = 0.000 ; free physical = 2547 ; free virtual = 7688
INFO: [Project 1-111] Unisim Transformation Summary:
  A total of 7 instances were transformed.
  (MUXCY,XORCY) => CARRY4: 7 instances

INFO: [Common 17-83] Releasing license: Synthesis
17 Infos, 100 Warnings, 0 Critical Warnings and 0 Errors encountered.
synth_design completed successfully
synth_design: Time (s): cpu = 00:00:36 ; elapsed = 00:00:50 . Memory (MB): peak = 1975.875 ; gain = 541.492 ; free physical = 2682 ; free virtual = 7822
Netlist sorting complete. Time (s): cpu = 00:00:00 ; elapsed = 00:00:00 . Memory (MB): peak = 1975.875 ; gain = 0.000 ; free physical = 2681 ; free virtual = 7821
WARNING: [Constraints 18-5210] No constraints selected for write.
Resolution: This message can indicate that there are no constraints for the design, or it can indicate that the used_in flags are set such that the constraints are ignored. This later case is used when running synth_design to not write synthesis constraints to the resulting checkpoint. Instead, project constraints are read when the synthesized design is opened.
INFO: [Common 17-1381] The checkpoint '/home/lukas/01_Studium/02_DigiSys_CAE/Projektaufgabe/signal_generator_vivado/signal_generator_vivado.runs/btn_tim_1_synth_1/btn_tim_1.dcp' has been generated.
WARNING: [Common 17-576] 'use_project_ipc' is deprecated. This option is deprecated and no longer used.
INFO: [Coretcl 2-1648] Added synthesis output to IP cache for IP btn_tim_1, cache-ID = 41421549d50cb60a
INFO: [Coretcl 2-1174] Renamed 7 cell refs.
Netlist sorting complete. Time (s): cpu = 00:00:00 ; elapsed = 00:00:00 . Memory (MB): peak = 1975.875 ; gain = 0.000 ; free physical = 2664 ; free virtual = 7804
WARNING: [Constraints 18-5210] No constraints selected for write.
Resolution: This message can indicate that there are no constraints for the design, or it can indicate that the used_in flags are set such that the constraints are ignored. This later case is used when running synth_design to not write synthesis constraints to the resulting checkpoint. Instead, project constraints are read when the synthesized design is opened.
INFO: [Common 17-1381] The checkpoint '/home/lukas/01_Studium/02_DigiSys_CAE/Projektaufgabe/signal_generator_vivado/signal_generator_vivado.runs/btn_tim_1_synth_1/btn_tim_1.dcp' has been generated.
INFO: [runtcl-4] Executing : report_utilization -file btn_tim_1_utilization_synth.rpt -pb btn_tim_1_utilization_synth.pb
INFO: [Common 17-206] Exiting Vivado at Sun Dec 13 16:06:35 2020...
