Vivado Simulator 2019.2
Copyright 1986-1999, 2001-2019 Xilinx, Inc. All Rights Reserved.
Running: /vagrant/vivado/Xilinx/Vivado/2019.2/bin/unwrapped/lnx64.o/xelab -wto 461615971a294f9c8ec05f3dd480d5c5 --incr --debug typical --relax --mt 8 -L xil_defaultlib -L secureip --snapshot signal_generator_tb_behav xil_defaultlib.signal_generator_tb -log elaborate.log 
Using 8 slave threads.
Starting static elaboration
Completed static elaboration
Starting simulation data flow analysis
Completed simulation data flow analysis
Time Resolution for simulation is 1ps
Compiling package std.standard
Compiling package std.textio
Compiling package ieee.std_logic_1164
Compiling package ieee.std_logic_arith
Compiling package ieee.std_logic_unsigned
Compiling package ieee.numeric_std
Compiling architecture behavioral of entity xil_defaultlib.clk_divider [clk_divider_default]
Compiling architecture impl of entity xil_defaultlib.bincntr [\bincntr(n=7)\]
Compiling architecture behavioral of entity xil_defaultlib.lut [\lut(6,0)(7,0)\]
Compiling architecture behavioral of entity xil_defaultlib.signal_generator [signal_generator_default]
Compiling architecture behavioral of entity xil_defaultlib.signal_generator_tb
ERROR: [XSIM 43-3409] Failed to compile generated C file xsim.dir/signal_generator_tb_behav/obj/xsim_1.c.
ERROR: [XSIM 43-3915] Encountered a fatal error. Cannot continue. Exiting... 
